<?xml version="1.0" encoding="UTF-8"?>
<testsuite xmlns:xsi="http://www.w3.org/2001/XMLSchema-instance" xsi:schemaLocation="https://maven.apache.org/surefire/maven-surefire-plugin/xsd/surefire-test-report.xsd" name="shopify.createStore" time="0.55" tests="3" errors="0" skipped="2" failures="1">
  <properties>
[...]
</properties>
  <testcase name="beforeTest" classname="shopify.createStore" time="0.444">
    <failure message="&#10;Parameter &apos;browser&apos; is required by @Configuration on method beforeTest but has not been marked @Optional or defined&#10;" type="org.testng.TestNGException">org.testng.TestNGException: 

Parameter 'browser' is required by @Configuration on method beforeTest but has not been marked @Optional or defined

</failure>
  </testcase>
  <testcase name="TC01_CreateShopifyStore" classname="shopify.createStore" time="0">
    <skipped/>
  </testcase>
  <testcase name="quitBrowser" classname="shopify.createStore" time="0">
    <skipped/>
  </testcase>
</testsuite>