<?xml version="1.0" encoding="UTF-8"?>
<testsuite xmlns:xsi="http://www.w3.org/2001/XMLSchema-instance" xsi:schemaLocation="https://maven.apache.org/surefire/maven-surefire-plugin/xsd/surefire-test-report.xsd" name="shopify.createStoreAndInstallSwift" time="297.998" tests="5" errors="0" skipped="0" failures="4">
  <properties>
[...]
</properties>
  <testcase name="TC01_CreateShopifyStore" classname="shopify.createStoreAndInstallSwift" time="134.409"/>
  <testcase name="TC01_CreateShopifyStore" classname="shopify.createStoreAndInstallSwift" time="122.78">
    <failure message="chrome not reachable&#10;  (Session info: chrome=88.0.4324.104)&#10;Build info: version: &apos;3.141.59&apos;, revision: &apos;e82be7d358&apos;, time: &apos;2018-11-14T08:17:03&apos;&#10;System info: host: &apos;DESKTOP-Q3PRP13&apos;, ip: &apos;192.168.3.18&apos;, os.name: &apos;Windows 10&apos;, os.arch: &apos;amd64&apos;, os.version: &apos;10.0&apos;, java.version: &apos;14.0.2&apos;&#10;Driver info: org.openqa.selenium.chrome.ChromeDriver&#10;Capabilities {acceptInsecureCerts: false, browserName: chrome, browserVersion: 88.0.4324.104, chrome: {chromedriverVersion: 88.0.4324.27 (6347fe8bf1e48..., userDataDir: C:\Users\Admin\AppData\Loca...}, goog:chromeOptions: {debuggerAddress: localhost:56882}, javascriptEnabled: true, networkConnectionEnabled: false, pageLoadStrategy: normal, platform: WINDOWS, platformName: WINDOWS, proxy: Proxy(), setWindowRect: true, strictFileInteractability: false, timeouts: {implicit: 0, pageLoad: 300000, script: 30000}, unhandledPromptBehavior: dismiss and notify, webauthn:extension:largeBlob: true, webauthn:virtualAuthenticators: true}&#10;Session ID: 125f6ecd8d525347c1313758750da42c" type="org.openqa.selenium.WebDriverException">org.openqa.selenium.WebDriverException: 
chrome not reachable
  (Session info: chrome=88.0.4324.104)
Build info: version: '3.141.59', revision: 'e82be7d358', time: '2018-11-14T08:17:03'
System info: host: 'DESKTOP-Q3PRP13', ip: '192.168.3.18', os.name: 'Windows 10', os.arch: 'amd64', os.version: '10.0', java.version: '14.0.2'
Driver info: org.openqa.selenium.chrome.ChromeDriver
Capabilities {acceptInsecureCerts: false, browserName: chrome, browserVersion: 88.0.4324.104, chrome: {chromedriverVersion: 88.0.4324.27 (6347fe8bf1e48..., userDataDir: C:\Users\Admin\AppData\Loca...}, goog:chromeOptions: {debuggerAddress: localhost:56882}, javascriptEnabled: true, networkConnectionEnabled: false, pageLoadStrategy: normal, platform: WINDOWS, platformName: WINDOWS, proxy: Proxy(), setWindowRect: true, strictFileInteractability: false, timeouts: {implicit: 0, pageLoad: 300000, script: 30000}, unhandledPromptBehavior: dismiss and notify, webauthn:extension:largeBlob: true, webauthn:virtualAuthenticators: true}
Session ID: 125f6ecd8d525347c1313758750da42c
	at shopify.createStoreAndInstallSwift.TC01_CreateShopifyStore(createStoreAndInstallSwift.java:387)
</failure>
    <system-out><![CDATA[2021-01-23 15:14:05,900 INFO  shopify.createStoreAndInstallSwift - Pre-condition: Access Shopify
2021-01-23 15:14:06,544 INFO  shopify.createStoreAndInstallSwift - Step 01: Press on Start free trial button
2021-01-23 15:14:06,905 INFO  shopify.createStoreAndInstallSwift - Step 02: Fill info to register
2021-01-23 15:14:10,308 INFO  shopify.createStoreAndInstallSwift - Step 03: Press Create your store button
2021-01-23 15:14:19,564 INFO  shopify.createStoreAndInstallSwift - Step 04: Verify Create an account
2021-01-23 15:14:22,630 INFO  shopify.createStoreAndInstallSwift - Step 05: Verify the user can create the store
2021-01-23 15:14:31,893 INFO  shopify.createStoreAndInstallSwift -  -------------------------- PASSED -------------------------- 
2021-01-23 15:14:31,893 INFO  shopify.createStoreAndInstallSwift - Step 06: Fill info at About yourself
2021-01-23 15:14:37,143 INFO  shopify.createStoreAndInstallSwift - Step 07: Fill address
Country: Chad
There is no State or Province for this country
2021-01-23 15:14:52,956 INFO  shopify.createStoreAndInstallSwift - Step 08: Verify the store has been created
2021-01-23 15:14:58,262 INFO  shopify.createStoreAndInstallSwift -  -------------------------- PASSED -------------------------- 
2021-01-23 15:14:58,262 INFO  shopify.createStoreAndInstallSwift - Step 09: Print store info
Store URL: https://elza-kuhn.myshopify.com
Account info:
Email: elza_kuhn@mail.com
Store Name: Elza Kuhn
Store type: Free
Password: Malika86
Address: 7280 Braun Parks
City: Rodriguezburgh
Country: Chad
Created time: 23/01/2021 15:14:58
2021-01-23 15:14:58,288 INFO  shopify.createStoreAndInstallSwift - Step 44: Select Apps menu
2021-01-23 15:15:01,431 INFO  shopify.createStoreAndInstallSwift - Step 45: Visit Shopify App store
2021-01-23 15:15:05,433 INFO  shopify.createStoreAndInstallSwift - Step 46: Search app by keyword
2021-01-23 15:15:15,792 INFO  shopify.createStoreAndInstallSwift - Step 47: Select Swift app
2021-01-23 15:15:47,128 INFO  shopify.createStoreAndInstallSwift - Step 48: Add Swift app to store
2021-01-23 15:15:51,641 INFO  shopify.createStoreAndInstallSwift - Step 49: Write data to the csv20210123_151151_Swift.csv
CSV file was created successfully !!
Written Data
2021-01-23 15:15:51,642 INFO  shopify.createStoreAndInstallSwift - Step 50: Install app
]]></system-out>
    <system-err><![CDATA[[1611389760.648][WARNING]: Timed out connecting to Chrome, retrying...
]]></system-err>
  </testcase>
  <testcase name="TC01_CreateShopifyStore" classname="shopify.createStoreAndInstallSwift" time="12.021">
    <failure message="chrome not reachable&#10;  (Session info: chrome=88.0.4324.104)&#10;Build info: version: &apos;3.141.59&apos;, revision: &apos;e82be7d358&apos;, time: &apos;2018-11-14T08:17:03&apos;&#10;System info: host: &apos;DESKTOP-Q3PRP13&apos;, ip: &apos;192.168.3.18&apos;, os.name: &apos;Windows 10&apos;, os.arch: &apos;amd64&apos;, os.version: &apos;10.0&apos;, java.version: &apos;14.0.2&apos;&#10;Driver info: org.openqa.selenium.chrome.ChromeDriver&#10;Capabilities {acceptInsecureCerts: false, browserName: chrome, browserVersion: 88.0.4324.104, chrome: {chromedriverVersion: 88.0.4324.27 (6347fe8bf1e48..., userDataDir: C:\Users\Admin\AppData\Loca...}, goog:chromeOptions: {debuggerAddress: localhost:56882}, javascriptEnabled: true, networkConnectionEnabled: false, pageLoadStrategy: normal, platform: WINDOWS, platformName: WINDOWS, proxy: Proxy(), setWindowRect: true, strictFileInteractability: false, timeouts: {implicit: 0, pageLoad: 300000, script: 30000}, unhandledPromptBehavior: dismiss and notify, webauthn:extension:largeBlob: true, webauthn:virtualAuthenticators: true}&#10;Session ID: 125f6ecd8d525347c1313758750da42c" type="org.openqa.selenium.WebDriverException">org.openqa.selenium.WebDriverException: 
chrome not reachable
  (Session info: chrome=88.0.4324.104)
Build info: version: '3.141.59', revision: 'e82be7d358', time: '2018-11-14T08:17:03'
System info: host: 'DESKTOP-Q3PRP13', ip: '192.168.3.18', os.name: 'Windows 10', os.arch: 'amd64', os.version: '10.0', java.version: '14.0.2'
Driver info: org.openqa.selenium.chrome.ChromeDriver
Capabilities {acceptInsecureCerts: false, browserName: chrome, browserVersion: 88.0.4324.104, chrome: {chromedriverVersion: 88.0.4324.27 (6347fe8bf1e48..., userDataDir: C:\Users\Admin\AppData\Loca...}, goog:chromeOptions: {debuggerAddress: localhost:56882}, javascriptEnabled: true, networkConnectionEnabled: false, pageLoadStrategy: normal, platform: WINDOWS, platformName: WINDOWS, proxy: Proxy(), setWindowRect: true, strictFileInteractability: false, timeouts: {implicit: 0, pageLoad: 300000, script: 30000}, unhandledPromptBehavior: dismiss and notify, webauthn:extension:largeBlob: true, webauthn:virtualAuthenticators: true}
Session ID: 125f6ecd8d525347c1313758750da42c
	at shopify.createStoreAndInstallSwift.TC01_CreateShopifyStore(createStoreAndInstallSwift.java:86)
</failure>
    <system-out><![CDATA[2021-01-23 15:16:08,681 INFO  shopify.createStoreAndInstallSwift - Pre-condition: Access Shopify
]]></system-out>
    <system-err><![CDATA[[1611389772.685][WARNING]: Timed out connecting to Chrome, retrying...
]]></system-err>
  </testcase>
  <testcase name="TC01_CreateShopifyStore" classname="shopify.createStoreAndInstallSwift" time="12.022">
    <failure message="chrome not reachable&#10;  (Session info: chrome=88.0.4324.104)&#10;Build info: version: &apos;3.141.59&apos;, revision: &apos;e82be7d358&apos;, time: &apos;2018-11-14T08:17:03&apos;&#10;System info: host: &apos;DESKTOP-Q3PRP13&apos;, ip: &apos;192.168.3.18&apos;, os.name: &apos;Windows 10&apos;, os.arch: &apos;amd64&apos;, os.version: &apos;10.0&apos;, java.version: &apos;14.0.2&apos;&#10;Driver info: org.openqa.selenium.chrome.ChromeDriver&#10;Capabilities {acceptInsecureCerts: false, browserName: chrome, browserVersion: 88.0.4324.104, chrome: {chromedriverVersion: 88.0.4324.27 (6347fe8bf1e48..., userDataDir: C:\Users\Admin\AppData\Loca...}, goog:chromeOptions: {debuggerAddress: localhost:56882}, javascriptEnabled: true, networkConnectionEnabled: false, pageLoadStrategy: normal, platform: WINDOWS, platformName: WINDOWS, proxy: Proxy(), setWindowRect: true, strictFileInteractability: false, timeouts: {implicit: 0, pageLoad: 300000, script: 30000}, unhandledPromptBehavior: dismiss and notify, webauthn:extension:largeBlob: true, webauthn:virtualAuthenticators: true}&#10;Session ID: 125f6ecd8d525347c1313758750da42c" type="org.openqa.selenium.WebDriverException">org.openqa.selenium.WebDriverException: 
chrome not reachable
  (Session info: chrome=88.0.4324.104)
Build info: version: '3.141.59', revision: 'e82be7d358', time: '2018-11-14T08:17:03'
System info: host: 'DESKTOP-Q3PRP13', ip: '192.168.3.18', os.name: 'Windows 10', os.arch: 'amd64', os.version: '10.0', java.version: '14.0.2'
Driver info: org.openqa.selenium.chrome.ChromeDriver
Capabilities {acceptInsecureCerts: false, browserName: chrome, browserVersion: 88.0.4324.104, chrome: {chromedriverVersion: 88.0.4324.27 (6347fe8bf1e48..., userDataDir: C:\Users\Admin\AppData\Loca...}, goog:chromeOptions: {debuggerAddress: localhost:56882}, javascriptEnabled: true, networkConnectionEnabled: false, pageLoadStrategy: normal, platform: WINDOWS, platformName: WINDOWS, proxy: Proxy(), setWindowRect: true, strictFileInteractability: false, timeouts: {implicit: 0, pageLoad: 300000, script: 30000}, unhandledPromptBehavior: dismiss and notify, webauthn:extension:largeBlob: true, webauthn:virtualAuthenticators: true}
Session ID: 125f6ecd8d525347c1313758750da42c
	at shopify.createStoreAndInstallSwift.TC01_CreateShopifyStore(createStoreAndInstallSwift.java:86)
</failure>
    <system-out><![CDATA[2021-01-23 15:16:20,703 INFO  shopify.createStoreAndInstallSwift - Pre-condition: Access Shopify
]]></system-out>
    <system-err><![CDATA[[1611389784.706][WARNING]: Timed out connecting to Chrome, retrying...
]]></system-err>
  </testcase>
  <testcase name="TC01_CreateShopifyStore" classname="shopify.createStoreAndInstallSwift" time="12.034">
    <failure message="chrome not reachable&#10;  (Session info: chrome=88.0.4324.104)&#10;Build info: version: &apos;3.141.59&apos;, revision: &apos;e82be7d358&apos;, time: &apos;2018-11-14T08:17:03&apos;&#10;System info: host: &apos;DESKTOP-Q3PRP13&apos;, ip: &apos;192.168.3.18&apos;, os.name: &apos;Windows 10&apos;, os.arch: &apos;amd64&apos;, os.version: &apos;10.0&apos;, java.version: &apos;14.0.2&apos;&#10;Driver info: org.openqa.selenium.chrome.ChromeDriver&#10;Capabilities {acceptInsecureCerts: false, browserName: chrome, browserVersion: 88.0.4324.104, chrome: {chromedriverVersion: 88.0.4324.27 (6347fe8bf1e48..., userDataDir: C:\Users\Admin\AppData\Loca...}, goog:chromeOptions: {debuggerAddress: localhost:56882}, javascriptEnabled: true, networkConnectionEnabled: false, pageLoadStrategy: normal, platform: WINDOWS, platformName: WINDOWS, proxy: Proxy(), setWindowRect: true, strictFileInteractability: false, timeouts: {implicit: 0, pageLoad: 300000, script: 30000}, unhandledPromptBehavior: dismiss and notify, webauthn:extension:largeBlob: true, webauthn:virtualAuthenticators: true}&#10;Session ID: 125f6ecd8d525347c1313758750da42c" type="org.openqa.selenium.WebDriverException">org.openqa.selenium.WebDriverException: 
chrome not reachable
  (Session info: chrome=88.0.4324.104)
Build info: version: '3.141.59', revision: 'e82be7d358', time: '2018-11-14T08:17:03'
System info: host: 'DESKTOP-Q3PRP13', ip: '192.168.3.18', os.name: 'Windows 10', os.arch: 'amd64', os.version: '10.0', java.version: '14.0.2'
Driver info: org.openqa.selenium.chrome.ChromeDriver
Capabilities {acceptInsecureCerts: false, browserName: chrome, browserVersion: 88.0.4324.104, chrome: {chromedriverVersion: 88.0.4324.27 (6347fe8bf1e48..., userDataDir: C:\Users\Admin\AppData\Loca...}, goog:chromeOptions: {debuggerAddress: localhost:56882}, javascriptEnabled: true, networkConnectionEnabled: false, pageLoadStrategy: normal, platform: WINDOWS, platformName: WINDOWS, proxy: Proxy(), setWindowRect: true, strictFileInteractability: false, timeouts: {implicit: 0, pageLoad: 300000, script: 30000}, unhandledPromptBehavior: dismiss and notify, webauthn:extension:largeBlob: true, webauthn:virtualAuthenticators: true}
Session ID: 125f6ecd8d525347c1313758750da42c
	at shopify.createStoreAndInstallSwift.TC01_CreateShopifyStore(createStoreAndInstallSwift.java:86)
</failure>
    <system-out><![CDATA[2021-01-23 15:16:32,726 INFO  shopify.createStoreAndInstallSwift - Pre-condition: Access Shopify
]]></system-out>
    <system-err><![CDATA[[1611389796.731][WARNING]: Timed out connecting to Chrome, retrying...
]]></system-err>
  </testcase>
</testsuite>