<?xml version="1.0" encoding="UTF-8"?>
<testsuite xmlns:xsi="http://www.w3.org/2001/XMLSchema-instance" xsi:schemaLocation="https://maven.apache.org/surefire/maven-surefire-plugin/xsd/surefire-test-report.xsd" name="shopify.createStoreAndInstallTranscy" time="6.12" tests="4" errors="0" skipped="3" failures="1">
  <properties>
[...]
</properties>
  <testcase name="beforeTest" classname="shopify.createStoreAndInstallTranscy" time="6.037">
    <failure message="java.net.ConnectException: Failed to connect to localhost/[0:0:0:0:0:0:0:1]:45613&#10;Build info: version: &apos;3.141.59&apos;, revision: &apos;e82be7d358&apos;, time: &apos;2018-11-14T08:17:03&apos;&#10;System info: host: &apos;DESKTOP-Q3PRP13&apos;, ip: &apos;10.10.15.5&apos;, os.name: &apos;Windows 10&apos;, os.arch: &apos;amd64&apos;, os.version: &apos;10.0&apos;, java.version: &apos;14.0.2&apos;&#10;Driver info: driver.version: ChromeDriver" type="org.openqa.selenium.WebDriverException">org.openqa.selenium.WebDriverException: 
java.net.ConnectException: Failed to connect to localhost/[0:0:0:0:0:0:0:1]:45613
Build info: version: '3.141.59', revision: 'e82be7d358', time: '2018-11-14T08:17:03'
System info: host: 'DESKTOP-Q3PRP13', ip: '10.10.15.5', os.name: 'Windows 10', os.arch: 'amd64', os.version: '10.0', java.version: '14.0.2'
Driver info: driver.version: ChromeDriver
	at shopify.createStoreAndInstallTranscy.beforeTest(createStoreAndInstallTranscy.java:43)
Caused by: java.net.ConnectException: Failed to connect to localhost/[0:0:0:0:0:0:0:1]:45613
	at shopify.createStoreAndInstallTranscy.beforeTest(createStoreAndInstallTranscy.java:43)
Caused by: java.net.ConnectException: Connection refused: no further information
	at shopify.createStoreAndInstallTranscy.beforeTest(createStoreAndInstallTranscy.java:43)
</failure>
    <system-err><![CDATA[SLF4J: Failed to load class "org.slf4j.impl.StaticLoggerBinder".
SLF4J: Defaulting to no-operation (NOP) logger implementation
SLF4J: See http://www.slf4j.org/codes.html#StaticLoggerBinder for further details.
Starting ChromeDriver 86.0.4240.22 (398b0743353ff36fb1b82468f63a3a93b4e2e89e-refs/branch-heads/4240@{#378}) on port 45613
Only local connections are allowed.
Please see https://chromedriver.chromium.org/security-considerations for suggestions on keeping ChromeDriver safe.
ChromeDriver was started successfully.
[1603860571.531][WARNING]: Deprecated chrome option is ignored: useAutomationExtension
[1603860571.531][WARNING]: Deprecated chrome option is ignored: useAutomationExtension
]]></system-err>
  </testcase>
  <testcase name="TC01_CreateShopifyStore" classname="shopify.createStoreAndInstallTranscy" time="0">
    <skipped/>
  </testcase>
  <testcase name="TC01_CreateShopifyStore" classname="shopify.createStoreAndInstallTranscy" time="0">
    <skipped/>
  </testcase>
  <testcase name="quitBrowser" classname="shopify.createStoreAndInstallTranscy" time="0">
    <skipped/>
  </testcase>
</testsuite>