<?xml version="1.0" encoding="UTF-8"?>
<testng-results total="5" passed="2" failed="3" skipped="0">
  <reporter-output>
    <line>
      <![CDATA[2021-01-04 15:09:51,323 INFO  shopify.createStoreAndInstallChatalyst - Pre-condition: Clear test data
]]>
    </line>
    <line>
      <![CDATA[2021-01-04 15:09:51,338 INFO  shopify.createStoreAndInstallChatalyst - Pre-condition: Access Shopify
]]>
    </line>
    <line>
      <![CDATA[2021-01-04 15:09:53,248 INFO  shopify.createStoreAndInstallChatalyst - Step 01: Press on Start free trial button
]]>
    </line>
    <line>
      <![CDATA[2021-01-04 15:09:53,934 INFO  shopify.createStoreAndInstallChatalyst - Step 02: Fill info to register
]]>
    </line>
    <line>
      <![CDATA[2021-01-04 15:09:57,616 INFO  shopify.createStoreAndInstallChatalyst - Step 03: Press Create your store button
]]>
    </line>
    <line>
      <![CDATA[2021-01-04 15:10:07,231 INFO  shopify.createStoreAndInstallChatalyst - Step 04: Verify Create an account
]]>
    </line>
    <line>
      <![CDATA[2021-01-04 15:10:10,341 INFO  shopify.createStoreAndInstallChatalyst - Step 05: Verify the user can create the store
]]>
    </line>
    <line>
      <![CDATA[2021-01-04 15:10:22,748 INFO  shopify.createStoreAndInstallChatalyst -  -------------------------- PASSED -------------------------- 
]]>
    </line>
    <line>
      <![CDATA[2021-01-04 15:10:22,750 INFO  shopify.createStoreAndInstallChatalyst - Step 06: Fill info at About yourself
]]>
    </line>
    <line>
      <![CDATA[2021-01-04 15:10:27,942 INFO  shopify.createStoreAndInstallChatalyst - Step 07: Fill address
]]>
    </line>
    <line>
      <![CDATA[2021-01-04 15:10:58,245 INFO  shopify.createStoreAndInstallChatalyst - Pre-condition: Access Shopify
]]>
    </line>
    <line>
      <![CDATA[2021-01-04 15:11:00,098 INFO  shopify.createStoreAndInstallChatalyst - Step 01: Press on Start free trial button
]]>
    </line>
    <line>
      <![CDATA[2021-01-04 15:11:00,278 INFO  shopify.createStoreAndInstallChatalyst - Step 02: Fill info to register
]]>
    </line>
    <line>
      <![CDATA[2021-01-04 15:11:03,782 INFO  shopify.createStoreAndInstallChatalyst - Step 03: Press Create your store button
]]>
    </line>
    <line>
      <![CDATA[2021-01-04 15:11:13,070 INFO  shopify.createStoreAndInstallChatalyst - Step 04: Verify Create an account
]]>
    </line>
    <line>
      <![CDATA[2021-01-04 15:11:16,131 INFO  shopify.createStoreAndInstallChatalyst - Step 05: Verify the user can create the store
]]>
    </line>
    <line>
      <![CDATA[2021-01-04 15:11:27,143 INFO  shopify.createStoreAndInstallChatalyst -  -------------------------- PASSED -------------------------- 
]]>
    </line>
    <line>
      <![CDATA[2021-01-04 15:11:27,143 INFO  shopify.createStoreAndInstallChatalyst - Step 06: Fill info at About yourself
]]>
    </line>
    <line>
      <![CDATA[2021-01-04 15:11:32,442 INFO  shopify.createStoreAndInstallChatalyst - Step 07: Fill address
]]>
    </line>
    <line>
      <![CDATA[2021-01-04 15:12:03,877 INFO  shopify.createStoreAndInstallChatalyst - Pre-condition: Access Shopify
]]>
    </line>
    <line>
      <![CDATA[2021-01-04 15:12:04,504 INFO  shopify.createStoreAndInstallChatalyst - Step 01: Press on Start free trial button
]]>
    </line>
    <line>
      <![CDATA[2021-01-04 15:12:04,889 INFO  shopify.createStoreAndInstallChatalyst - Step 02: Fill info to register
]]>
    </line>
    <line>
      <![CDATA[2021-01-04 15:12:08,349 INFO  shopify.createStoreAndInstallChatalyst - Step 03: Press Create your store button
]]>
    </line>
    <line>
      <![CDATA[2021-01-04 15:12:17,612 INFO  shopify.createStoreAndInstallChatalyst - Step 04: Verify Create an account
]]>
    </line>
    <line>
      <![CDATA[2021-01-04 15:12:20,686 INFO  shopify.createStoreAndInstallChatalyst - Step 05: Verify the user can create the store
]]>
    </line>
    <line>
      <![CDATA[2021-01-04 15:12:31,660 INFO  shopify.createStoreAndInstallChatalyst -  -------------------------- PASSED -------------------------- 
]]>
    </line>
    <line>
      <![CDATA[2021-01-04 15:12:31,660 INFO  shopify.createStoreAndInstallChatalyst - Step 06: Fill info at About yourself
]]>
    </line>
    <line>
      <![CDATA[2021-01-04 15:12:37,003 INFO  shopify.createStoreAndInstallChatalyst - Step 07: Fill address
]]>
    </line>
    <line>
      <![CDATA[2021-01-04 15:12:49,893 INFO  shopify.createStoreAndInstallChatalyst - Step 08: Verify the store has been created
]]>
    </line>
    <line>
      <![CDATA[2021-01-04 15:12:56,893 INFO  shopify.createStoreAndInstallChatalyst -  -------------------------- PASSED -------------------------- 
]]>
    </line>
    <line>
      <![CDATA[2021-01-04 15:12:56,893 INFO  shopify.createStoreAndInstallChatalyst - Step 09: Print store info
]]>
    </line>
    <line>
      <![CDATA[2021-01-04 15:12:56,919 INFO  shopify.createStoreAndInstallChatalyst - Step 10: Write data to the csv20210104_150951_Swift.csv
]]>
    </line>
    <line>
      <![CDATA[2021-01-04 15:12:56,923 INFO  shopify.createStoreAndInstallChatalyst - Step 11: Select Apps menu
]]>
    </line>
    <line>
      <![CDATA[2021-01-04 15:13:00,040 INFO  shopify.createStoreAndInstallChatalyst - Step 12: Visit Shopify App store
]]>
    </line>
    <line>
      <![CDATA[2021-01-04 15:13:03,163 INFO  shopify.createStoreAndInstallChatalyst - Step 13: choose account to continue to shopify app
]]>
    </line>
    <line>
      <![CDATA[2021-01-04 15:13:17,002 INFO  shopify.createStoreAndInstallChatalyst - Step 14: Search app Oberlo
]]>
    </line>
    <line>
      <![CDATA[2021-01-04 15:13:26,512 INFO  shopify.createStoreAndInstallChatalyst - Step 15: Select Oberlo app
]]>
    </line>
    <line>
      <![CDATA[2021-01-04 15:13:27,603 INFO  shopify.createStoreAndInstallChatalyst - Step 16: Add Oberlo app to store
]]>
    </line>
    <line>
      <![CDATA[2021-01-04 15:13:44,957 INFO  shopify.createStoreAndInstallChatalyst - Step create new account oberlo
]]>
    </line>
    <line>
      <![CDATA[2021-01-04 15:14:25,519 INFO  shopify.createStoreAndInstallChatalyst - Step 18: Search product Oberlo
]]>
    </line>
    <line>
      <![CDATA[2021-01-04 15:14:31,362 INFO  shopify.createStoreAndInstallChatalyst - Step 19: Search random product
]]>
    </line>
    <line>
      <![CDATA[2021-01-04 15:14:48,920 INFO  shopify.createStoreAndInstallChatalyst - Step 20: Add product to import list
]]>
    </line>
    <line>
      <![CDATA[2021-01-04 15:14:56,811 INFO  shopify.createStoreAndInstallChatalyst - Step 21: Import List product
]]>
    </line>
    <line>
      <![CDATA[2021-01-04 15:15:27,763 INFO  shopify.createStoreAndInstallChatalyst - Step 22: Select Apps menu
]]>
    </line>
    <line>
      <![CDATA[2021-01-04 15:15:32,851 INFO  shopify.createStoreAndInstallChatalyst - Step 23: Visit Shopify App store
]]>
    </line>
    <line>
      <![CDATA[2021-01-04 15:15:35,966 INFO  shopify.createStoreAndInstallChatalyst - Random delay
]]>
    </line>
    <line>
      <![CDATA[2021-01-04 15:15:35,967 INFO  shopify.createStoreAndInstallChatalyst - Step 25: Search free Shopify app
]]>
    </line>
    <line>
      <![CDATA[2021-01-04 15:15:48,195 INFO  shopify.createStoreAndInstallChatalyst - Step 26: Select app
]]>
    </line>
    <line>
      <![CDATA[2021-01-04 15:15:56,334 INFO  shopify.createStoreAndInstallChatalyst - Step 27: Add random app to store
]]>
    </line>
    <line>
      <![CDATA[2021-01-04 15:16:27,516 INFO  shopify.createStoreAndInstallChatalyst - Step 28: Select Apps menu
]]>
    </line>
    <line>
      <![CDATA[2021-01-04 15:16:32,585 INFO  shopify.createStoreAndInstallChatalyst - Step 29: Visit Shopify App store
]]>
    </line>
    <line>
      <![CDATA[2021-01-04 15:16:35,681 INFO  shopify.createStoreAndInstallChatalyst - Step 31: Search free Shopify app
]]>
    </line>
    <line>
      <![CDATA[2021-01-04 15:16:47,283 INFO  shopify.createStoreAndInstallChatalyst - Step 32: Select app
]]>
    </line>
    <line>
      <![CDATA[2021-01-04 15:16:48,750 INFO  shopify.createStoreAndInstallChatalyst - Step 33: Add random app to store
]]>
    </line>
    <line>
      <![CDATA[2021-01-04 15:17:17,031 INFO  shopify.createStoreAndInstallChatalyst - Step 34: Select Apps menu
]]>
    </line>
    <line>
      <![CDATA[2021-01-04 15:17:22,097 INFO  shopify.createStoreAndInstallChatalyst - Step 35: Visit Shopify App store
]]>
    </line>
    <line>
      <![CDATA[2021-01-04 15:17:25,180 INFO  shopify.createStoreAndInstallChatalyst - Step 37: Search free Shopify app
]]>
    </line>
    <line>
      <![CDATA[2021-01-04 15:17:36,572 INFO  shopify.createStoreAndInstallChatalyst - Step 38: Select app
]]>
    </line>
    <line>
      <![CDATA[2021-01-04 15:17:40,969 INFO  shopify.createStoreAndInstallChatalyst - Step 39: Add random app to store
]]>
    </line>
    <line>
      <![CDATA[2021-01-04 15:18:13,533 INFO  shopify.createStoreAndInstallChatalyst - Step 40 : Select Discount menu
]]>
    </line>
    <line>
      <![CDATA[2021-01-04 15:18:21,760 INFO  shopify.createStoreAndInstallChatalyst - Step 41: Input random code name
]]>
    </line>
    <line>
      <![CDATA[2021-01-04 15:18:24,926 INFO  shopify.createStoreAndInstallChatalyst - Step 42: Input random discount value
]]>
    </line>
    <line>
      <![CDATA[2021-01-04 15:18:28,046 INFO  shopify.createStoreAndInstallChatalyst - Step 43: Check Limit to one use per customer
]]>
    </line>
    <line>
      <![CDATA[2021-01-04 15:20:18,600 INFO  shopify.createStoreAndInstallChatalyst - Step 44: Select Apps menu
]]>
    </line>
    <line>
      <![CDATA[2021-01-04 15:20:21,769 INFO  shopify.createStoreAndInstallChatalyst - Step 45: Visit Shopify App store
]]>
    </line>
    <line>
      <![CDATA[2021-01-04 15:20:24,871 INFO  shopify.createStoreAndInstallChatalyst - Step 46: Search app by keyword
]]>
    </line>
    <line>
      <![CDATA[2021-01-04 15:20:34,149 INFO  shopify.createStoreAndInstallChatalyst - Step 47: Select Swift app
]]>
    </line>
    <line>
      <![CDATA[2021-01-04 15:20:39,696 INFO  shopify.createStoreAndInstallChatalyst - Step 48: Add Swift app to store
]]>
    </line>
    <line>
      <![CDATA[2021-01-04 15:20:47,775 INFO  shopify.createStoreAndInstallChatalyst - Pre-condition: Access Shopify
]]>
    </line>
    <line>
      <![CDATA[2021-01-04 15:20:48,900 INFO  shopify.createStoreAndInstallChatalyst - Step 01: Press on Start free trial button
]]>
    </line>
    <line>
      <![CDATA[2021-01-04 15:20:49,147 INFO  shopify.createStoreAndInstallChatalyst - Step 02: Fill info to register
]]>
    </line>
    <line>
      <![CDATA[2021-01-04 15:20:52,568 INFO  shopify.createStoreAndInstallChatalyst - Step 03: Press Create your store button
]]>
    </line>
    <line>
      <![CDATA[2021-01-04 15:21:01,769 INFO  shopify.createStoreAndInstallChatalyst - Step 04: Verify Create an account
]]>
    </line>
    <line>
      <![CDATA[2021-01-04 15:21:04,782 INFO  shopify.createStoreAndInstallChatalyst - Step 05: Verify the user can create the store
]]>
    </line>
    <line>
      <![CDATA[2021-01-04 15:21:15,570 INFO  shopify.createStoreAndInstallChatalyst -  -------------------------- PASSED -------------------------- 
]]>
    </line>
    <line>
      <![CDATA[2021-01-04 15:21:15,570 INFO  shopify.createStoreAndInstallChatalyst - Step 06: Fill info at About yourself
]]>
    </line>
    <line>
      <![CDATA[2021-01-04 15:21:20,840 INFO  shopify.createStoreAndInstallChatalyst - Step 07: Fill address
]]>
    </line>
    <line>
      <![CDATA[2021-01-04 15:21:30,766 INFO  shopify.createStoreAndInstallChatalyst - Step 08: Verify the store has been created
]]>
    </line>
    <line>
      <![CDATA[2021-01-04 15:21:35,770 INFO  shopify.createStoreAndInstallChatalyst -  -------------------------- PASSED -------------------------- 
]]>
    </line>
    <line>
      <![CDATA[2021-01-04 15:21:35,770 INFO  shopify.createStoreAndInstallChatalyst - Step 09: Print store info
]]>
    </line>
    <line>
      <![CDATA[2021-01-04 15:21:35,795 INFO  shopify.createStoreAndInstallChatalyst - Step 10: Write data to the csv20210104_150951_Swift.csv
]]>
    </line>
    <line>
      <![CDATA[2021-01-04 15:21:35,796 INFO  shopify.createStoreAndInstallChatalyst - Step 11: Select Apps menu
]]>
    </line>
    <line>
      <![CDATA[2021-01-04 15:21:38,937 INFO  shopify.createStoreAndInstallChatalyst - Step 12: Visit Shopify App store
]]>
    </line>
    <line>
      <![CDATA[2021-01-04 15:21:42,054 INFO  shopify.createStoreAndInstallChatalyst - Step 13: choose account to continue to shopify app
]]>
    </line>
    <line>
      <![CDATA[2021-01-04 15:21:50,174 INFO  shopify.createStoreAndInstallChatalyst - Step 14: Search app Oberlo
]]>
    </line>
    <line>
      <![CDATA[2021-01-04 15:21:59,679 INFO  shopify.createStoreAndInstallChatalyst - Step 15: Select Oberlo app
]]>
    </line>
    <line>
      <![CDATA[2021-01-04 15:22:00,752 INFO  shopify.createStoreAndInstallChatalyst - Step 16: Add Oberlo app to store
]]>
    </line>
    <line>
      <![CDATA[2021-01-04 15:22:16,417 INFO  shopify.createStoreAndInstallChatalyst - Step create new account oberlo
]]>
    </line>
    <line>
      <![CDATA[2021-01-04 15:22:57,940 INFO  shopify.createStoreAndInstallChatalyst - Step 18: Search product Oberlo
]]>
    </line>
    <line>
      <![CDATA[2021-01-04 15:23:02,807 INFO  shopify.createStoreAndInstallChatalyst - Step 19: Search random product
]]>
    </line>
    <line>
      <![CDATA[2021-01-04 15:23:20,571 INFO  shopify.createStoreAndInstallChatalyst - Step 20: Add product to import list
]]>
    </line>
    <line>
      <![CDATA[2021-01-04 15:23:28,356 INFO  shopify.createStoreAndInstallChatalyst - Step 21: Import List product
]]>
    </line>
    <line>
      <![CDATA[2021-01-04 15:23:57,304 INFO  shopify.createStoreAndInstallChatalyst - Step 22: Select Apps menu
]]>
    </line>
    <line>
      <![CDATA[2021-01-04 15:24:02,377 INFO  shopify.createStoreAndInstallChatalyst - Step 23: Visit Shopify App store
]]>
    </line>
    <line>
      <![CDATA[2021-01-04 15:24:05,534 INFO  shopify.createStoreAndInstallChatalyst - Random delay
]]>
    </line>
    <line>
      <![CDATA[2021-01-04 15:24:05,534 INFO  shopify.createStoreAndInstallChatalyst - Step 25: Search free Shopify app
]]>
    </line>
    <line>
      <![CDATA[2021-01-04 15:24:17,368 INFO  shopify.createStoreAndInstallChatalyst - Step 26: Select app
]]>
    </line>
    <line>
      <![CDATA[2021-01-04 15:24:27,963 INFO  shopify.createStoreAndInstallChatalyst - Step 27: Add random app to store
]]>
    </line>
    <line>
      <![CDATA[2021-01-04 15:24:55,815 INFO  shopify.createStoreAndInstallChatalyst - Step 28: Select Apps menu
]]>
    </line>
    <line>
      <![CDATA[2021-01-04 15:25:00,881 INFO  shopify.createStoreAndInstallChatalyst - Step 29: Visit Shopify App store
]]>
    </line>
    <line>
      <![CDATA[2021-01-04 15:25:03,964 INFO  shopify.createStoreAndInstallChatalyst - Step 31: Search free Shopify app
]]>
    </line>
    <line>
      <![CDATA[2021-01-04 15:25:15,564 INFO  shopify.createStoreAndInstallChatalyst - Step 32: Select app
]]>
    </line>
    <line>
      <![CDATA[2021-01-04 15:25:24,261 INFO  shopify.createStoreAndInstallChatalyst - Step 33: Add random app to store
]]>
    </line>
    <line>
      <![CDATA[2021-01-04 15:25:50,379 INFO  shopify.createStoreAndInstallChatalyst - Step 34: Select Apps menu
]]>
    </line>
    <line>
      <![CDATA[2021-01-04 15:25:55,457 INFO  shopify.createStoreAndInstallChatalyst - Step 35: Visit Shopify App store
]]>
    </line>
    <line>
      <![CDATA[2021-01-04 15:25:58,571 INFO  shopify.createStoreAndInstallChatalyst - Step 37: Search free Shopify app
]]>
    </line>
    <line>
      <![CDATA[2021-01-04 15:26:10,362 INFO  shopify.createStoreAndInstallChatalyst - Step 38: Select app
]]>
    </line>
    <line>
      <![CDATA[2021-01-04 15:26:11,319 INFO  shopify.createStoreAndInstallChatalyst - Step 39: Add random app to store
]]>
    </line>
    <line>
      <![CDATA[2021-01-04 15:26:37,972 INFO  shopify.createStoreAndInstallChatalyst - Step 40 : Select Discount menu
]]>
    </line>
    <line>
      <![CDATA[2021-01-04 15:26:46,258 INFO  shopify.createStoreAndInstallChatalyst - Step 41: Input random code name
]]>
    </line>
    <line>
      <![CDATA[2021-01-04 15:26:49,473 INFO  shopify.createStoreAndInstallChatalyst - Step 42: Input random discount value
]]>
    </line>
    <line>
      <![CDATA[2021-01-04 15:26:52,610 INFO  shopify.createStoreAndInstallChatalyst - Step 43: Check Limit to one use per customer
]]>
    </line>
    <line>
      <![CDATA[2021-01-04 15:28:51,464 INFO  shopify.createStoreAndInstallChatalyst - Step 44: Select Apps menu
]]>
    </line>
    <line>
      <![CDATA[2021-01-04 15:28:54,606 INFO  shopify.createStoreAndInstallChatalyst - Step 45: Visit Shopify App store
]]>
    </line>
    <line>
      <![CDATA[2021-01-04 15:28:57,712 INFO  shopify.createStoreAndInstallChatalyst - Step 46: Search app by keyword
]]>
    </line>
    <line>
      <![CDATA[2021-01-04 15:29:06,965 INFO  shopify.createStoreAndInstallChatalyst - Step 47: Select Swift app
]]>
    </line>
    <line>
      <![CDATA[2021-01-04 15:29:11,430 INFO  shopify.createStoreAndInstallChatalyst - Step 48: Add Swift app to store
]]>
    </line>
    <line>
      <![CDATA[2021-01-04 15:29:19,501 INFO  shopify.createStoreAndInstallChatalyst - Pre-condition: Access Shopify
]]>
    </line>
    <line>
      <![CDATA[2021-01-04 15:29:20,675 INFO  shopify.createStoreAndInstallChatalyst - Step 01: Press on Start free trial button
]]>
    </line>
    <line>
      <![CDATA[2021-01-04 15:29:20,952 INFO  shopify.createStoreAndInstallChatalyst - Step 02: Fill info to register
]]>
    </line>
    <line>
      <![CDATA[2021-01-04 15:29:24,413 INFO  shopify.createStoreAndInstallChatalyst - Step 03: Press Create your store button
]]>
    </line>
    <line>
      <![CDATA[2021-01-04 15:29:33,707 INFO  shopify.createStoreAndInstallChatalyst - Step 04: Verify Create an account
]]>
    </line>
    <line>
      <![CDATA[2021-01-04 15:29:36,773 INFO  shopify.createStoreAndInstallChatalyst - Step 05: Verify the user can create the store
]]>
    </line>
    <line>
      <![CDATA[2021-01-04 15:29:46,883 INFO  shopify.createStoreAndInstallChatalyst -  -------------------------- PASSED -------------------------- 
]]>
    </line>
    <line>
      <![CDATA[2021-01-04 15:29:46,883 INFO  shopify.createStoreAndInstallChatalyst - Step 06: Fill info at About yourself
]]>
    </line>
    <line>
      <![CDATA[2021-01-04 15:29:52,154 INFO  shopify.createStoreAndInstallChatalyst - Step 07: Fill address
]]>
    </line>
    <line>
      <![CDATA[2021-01-04 15:30:05,038 INFO  shopify.createStoreAndInstallChatalyst - Step 08: Verify the store has been created
]]>
    </line>
    <line>
      <![CDATA[2021-01-04 15:30:10,131 INFO  shopify.createStoreAndInstallChatalyst -  -------------------------- PASSED -------------------------- 
]]>
    </line>
    <line>
      <![CDATA[2021-01-04 15:30:10,131 INFO  shopify.createStoreAndInstallChatalyst - Step 09: Print store info
]]>
    </line>
    <line>
      <![CDATA[2021-01-04 15:30:10,153 INFO  shopify.createStoreAndInstallChatalyst - Step 10: Write data to the csv20210104_150951_Swift.csv
]]>
    </line>
    <line>
      <![CDATA[2021-01-04 15:30:10,154 INFO  shopify.createStoreAndInstallChatalyst - Step 11: Select Apps menu
]]>
    </line>
    <line>
      <![CDATA[2021-01-04 15:30:13,271 INFO  shopify.createStoreAndInstallChatalyst - Step 12: Visit Shopify App store
]]>
    </line>
    <line>
      <![CDATA[2021-01-04 15:30:16,380 INFO  shopify.createStoreAndInstallChatalyst - Step 13: choose account to continue to shopify app
]]>
    </line>
    <line>
      <![CDATA[2021-01-04 15:30:25,231 INFO  shopify.createStoreAndInstallChatalyst - Step 14: Search app Oberlo
]]>
    </line>
    <line>
      <![CDATA[2021-01-04 15:30:34,842 INFO  shopify.createStoreAndInstallChatalyst - Step 15: Select Oberlo app
]]>
    </line>
    <line>
      <![CDATA[2021-01-04 15:30:36,767 INFO  shopify.createStoreAndInstallChatalyst - Step 16: Add Oberlo app to store
]]>
    </line>
    <line>
      <![CDATA[2021-01-04 15:30:53,894 INFO  shopify.createStoreAndInstallChatalyst - Step create new account oberlo
]]>
    </line>
    <line>
      <![CDATA[2021-01-04 15:32:32,459 INFO  shopify.createStoreAndInstallChatalyst - OS Name = windows 10
]]>
    </line>
    <line>
      <![CDATA[2021-01-04 15:32:33,349 INFO  shopify.createStoreAndInstallChatalyst - ----------------QUIT BROWSER SUCCESS-----------------
]]>
    </line>
  </reporter-output>
  <suite started-at="2021-01-04T08:09:44Z" name="Surefire suite" finished-at="2021-01-04T08:32:33Z" duration-ms="1368513">
    <groups>
    </groups>
    <test started-at="2021-01-04T08:09:44Z" name="Surefire test" finished-at="2021-01-04T08:32:33Z" duration-ms="1368513">
      <class name="shopify.createStoreAndInstallChatalyst">
        <test-method is-config="true" signature="beforeTest()[pri:0, instance:shopify.createStoreAndInstallChatalyst@4562e04d]" started-at="2021-01-04T15:09:44Z" name="beforeTest" finished-at="2021-01-04T15:09:51Z" duration-ms="6491" status="PASS">
          <reporter-output>
            <line>
              <![CDATA[2021-01-04 15:09:51,323 INFO  shopify.createStoreAndInstallChatalyst - Pre-condition: Clear test data
]]>
            </line>
          </reporter-output>
        </test-method> <!-- beforeTest -->
        <test-method signature="TC01_CreateShopifyStore()[pri:0, instance:shopify.createStoreAndInstallChatalyst@4562e04d]" started-at="2021-01-04T15:09:51Z" name="TC01_CreateShopifyStore" finished-at="2021-01-04T15:10:58Z" duration-ms="66904" status="FAIL">
          <exception class="org.openqa.selenium.TimeoutException">
            <message>
              <![CDATA[Expected condition failed: waiting for visibility of element located by By.xpath: //input[@name='account_setup[firstName]'] (tried for 30 second(s) with 500 milliseconds interval)
Build info: version: '3.141.59', revision: 'e82be7d358', time: '2018-11-14T08:17:03'
System info: host: 'DESKTOP-Q3PRP13', ip: '192.168.3.18', os.name: 'Windows 10', os.arch: 'amd64', os.version: '10.0', java.version: '14.0.2'
Driver info: org.openqa.selenium.chrome.ChromeDriver
Capabilities {acceptInsecureCerts: false, browserName: chrome, browserVersion: 87.0.4280.88, chrome: {chromedriverVersion: 87.0.4280.88 (89e2380a3e36c..., userDataDir: C:\Users\Admin\AppData\Loca...}, goog:chromeOptions: {debuggerAddress: localhost:61025}, javascriptEnabled: true, networkConnectionEnabled: false, pageLoadStrategy: normal, platform: WINDOWS, platformName: WINDOWS, proxy: Proxy(), setWindowRect: true, strictFileInteractability: false, timeouts: {implicit: 0, pageLoad: 300000, script: 30000}, unhandledPromptBehavior: dismiss and notify, webauthn:virtualAuthenticators: true}
Session ID: f7c1e12b05a5b2abd908e14220899a04]]>
            </message>
            <full-stacktrace>
              <![CDATA[org.openqa.selenium.TimeoutException: Expected condition failed: waiting for visibility of element located by By.xpath: //input[@name='account_setup[firstName]'] (tried for 30 second(s) with 500 milliseconds interval)
Build info: version: '3.141.59', revision: 'e82be7d358', time: '2018-11-14T08:17:03'
System info: host: 'DESKTOP-Q3PRP13', ip: '192.168.3.18', os.name: 'Windows 10', os.arch: 'amd64', os.version: '10.0', java.version: '14.0.2'
Driver info: org.openqa.selenium.chrome.ChromeDriver
Capabilities {acceptInsecureCerts: false, browserName: chrome, browserVersion: 87.0.4280.88, chrome: {chromedriverVersion: 87.0.4280.88 (89e2380a3e36c..., userDataDir: C:\Users\Admin\AppData\Loca...}, goog:chromeOptions: {debuggerAddress: localhost:61025}, javascriptEnabled: true, networkConnectionEnabled: false, pageLoadStrategy: normal, platform: WINDOWS, platformName: WINDOWS, proxy: Proxy(), setWindowRect: true, strictFileInteractability: false, timeouts: {implicit: 0, pageLoad: 300000, script: 30000}, unhandledPromptBehavior: dismiss and notify, webauthn:virtualAuthenticators: true}
Session ID: f7c1e12b05a5b2abd908e14220899a04
	at org.openqa.selenium.support.ui.WebDriverWait.timeoutException(WebDriverWait.java:95)
	at org.openqa.selenium.support.ui.FluentWait.until(FluentWait.java:272)
	at commons.AbstractPage.waitToElementVisible(AbstractPage.java:350)
	at pageObject.ShopifyPO.inputAddressTextboxes(ShopifyPO.java:91)
	at shopify.createStoreAndInstallChatalyst.TC01_CreateShopifyStore(createStoreAndInstallChatalyst.java:147)
	at java.base/jdk.internal.reflect.NativeMethodAccessorImpl.invoke0(Native Method)
	at java.base/jdk.internal.reflect.NativeMethodAccessorImpl.invoke(NativeMethodAccessorImpl.java:62)
	at java.base/jdk.internal.reflect.DelegatingMethodAccessorImpl.invoke(DelegatingMethodAccessorImpl.java:43)
	at java.base/java.lang.reflect.Method.invoke(Method.java:564)
	at org.testng.internal.MethodInvocationHelper.invokeMethod(MethodInvocationHelper.java:80)
	at org.testng.internal.Invoker.invokeMethod(Invoker.java:714)
	at org.testng.internal.Invoker.invokeTestMethod(Invoker.java:901)
	at org.testng.internal.Invoker.invokeTestMethods(Invoker.java:1231)
	at org.testng.internal.TestMethodWorker.invokeTestMethods(TestMethodWorker.java:127)
	at org.testng.internal.TestMethodWorker.run(TestMethodWorker.java:111)
	at org.testng.TestRunner.privateRun(TestRunner.java:767)
	at org.testng.TestRunner.run(TestRunner.java:617)
	at org.testng.SuiteRunner.runTest(SuiteRunner.java:334)
	at org.testng.SuiteRunner.runSequentially(SuiteRunner.java:329)
	at org.testng.SuiteRunner.privateRun(SuiteRunner.java:291)
	at org.testng.SuiteRunner.run(SuiteRunner.java:240)
	at org.testng.SuiteRunnerWorker.runSuite(SuiteRunnerWorker.java:52)
	at org.testng.SuiteRunnerWorker.run(SuiteRunnerWorker.java:86)
	at org.testng.TestNG.runSuitesSequentially(TestNG.java:1198)
	at org.testng.TestNG.runSuitesLocally(TestNG.java:1123)
	at org.testng.TestNG.run(TestNG.java:1031)
	at org.apache.maven.surefire.testng.TestNGExecutor.run(TestNGExecutor.java:132)
	at org.apache.maven.surefire.testng.TestNGDirectoryTestSuite.executeSingleClass(TestNGDirectoryTestSuite.java:112)
	at org.apache.maven.surefire.testng.TestNGDirectoryTestSuite.execute(TestNGDirectoryTestSuite.java:99)
	at org.apache.maven.surefire.testng.TestNGProvider.invoke(TestNGProvider.java:147)
	at org.apache.maven.surefire.booter.ForkedBooter.invokeProviderInSameClassLoader(ForkedBooter.java:290)
	at org.apache.maven.surefire.booter.ForkedBooter.runSuitesInProcess(ForkedBooter.java:242)
	at org.apache.maven.surefire.booter.ForkedBooter.main(ForkedBooter.java:121)
]]>
            </full-stacktrace>
          </exception> <!-- org.openqa.selenium.TimeoutException -->
          <reporter-output>
            <line>
              <![CDATA[2021-01-04 15:09:51,338 INFO  shopify.createStoreAndInstallChatalyst - Pre-condition: Access Shopify
]]>
            </line>
            <line>
              <![CDATA[2021-01-04 15:09:53,248 INFO  shopify.createStoreAndInstallChatalyst - Step 01: Press on Start free trial button
]]>
            </line>
            <line>
              <![CDATA[2021-01-04 15:09:53,934 INFO  shopify.createStoreAndInstallChatalyst - Step 02: Fill info to register
]]>
            </line>
            <line>
              <![CDATA[2021-01-04 15:09:57,616 INFO  shopify.createStoreAndInstallChatalyst - Step 03: Press Create your store button
]]>
            </line>
            <line>
              <![CDATA[2021-01-04 15:10:07,231 INFO  shopify.createStoreAndInstallChatalyst - Step 04: Verify Create an account
]]>
            </line>
            <line>
              <![CDATA[2021-01-04 15:10:10,341 INFO  shopify.createStoreAndInstallChatalyst - Step 05: Verify the user can create the store
]]>
            </line>
            <line>
              <![CDATA[2021-01-04 15:10:22,748 INFO  shopify.createStoreAndInstallChatalyst -  -------------------------- PASSED -------------------------- 
]]>
            </line>
            <line>
              <![CDATA[2021-01-04 15:10:22,750 INFO  shopify.createStoreAndInstallChatalyst - Step 06: Fill info at About yourself
]]>
            </line>
            <line>
              <![CDATA[2021-01-04 15:10:27,942 INFO  shopify.createStoreAndInstallChatalyst - Step 07: Fill address
]]>
            </line>
          </reporter-output>
        </test-method> <!-- TC01_CreateShopifyStore -->
        <test-method signature="TC01_CreateShopifyStore()[pri:0, instance:shopify.createStoreAndInstallChatalyst@4562e04d]" started-at="2021-01-04T15:10:58Z" name="TC01_CreateShopifyStore" finished-at="2021-01-04T15:12:03Z" duration-ms="65628" status="FAIL">
          <exception class="org.openqa.selenium.NoSuchElementException">
            <message>
              <![CDATA[Cannot locate element with text: RÃ©union
For documentation on this error, please visit: https://www.seleniumhq.org/exceptions/no_such_element.html
Build info: version: '3.141.59', revision: 'e82be7d358', time: '2018-11-14T08:17:03'
System info: host: 'DESKTOP-Q3PRP13', ip: '192.168.3.18', os.name: 'Windows 10', os.arch: 'amd64', os.version: '10.0', java.version: '14.0.2'
Driver info: driver.version: unknown]]>
            </message>
            <full-stacktrace>
              <![CDATA[org.openqa.selenium.NoSuchElementException: Cannot locate element with text: RÃ©union
For documentation on this error, please visit: https://www.seleniumhq.org/exceptions/no_such_element.html
Build info: version: '3.141.59', revision: 'e82be7d358', time: '2018-11-14T08:17:03'
System info: host: 'DESKTOP-Q3PRP13', ip: '192.168.3.18', os.name: 'Windows 10', os.arch: 'amd64', os.version: '10.0', java.version: '14.0.2'
Driver info: driver.version: unknown
	at org.openqa.selenium.support.ui.Select.selectByVisibleText(Select.java:147)
	at commons.AbstractPage.selectItemInDropdown(AbstractPage.java:127)
	at pageObject.ShopifyPO.selectCountry(ShopifyPO.java:352)
	at shopify.createStoreAndInstallChatalyst.TC01_CreateShopifyStore(createStoreAndInstallChatalyst.java:151)
	at java.base/jdk.internal.reflect.NativeMethodAccessorImpl.invoke0(Native Method)
	at java.base/jdk.internal.reflect.NativeMethodAccessorImpl.invoke(NativeMethodAccessorImpl.java:62)
	at java.base/jdk.internal.reflect.DelegatingMethodAccessorImpl.invoke(DelegatingMethodAccessorImpl.java:43)
	at java.base/java.lang.reflect.Method.invoke(Method.java:564)
	at org.testng.internal.MethodInvocationHelper.invokeMethod(MethodInvocationHelper.java:80)
	at org.testng.internal.Invoker.invokeMethod(Invoker.java:714)
	at org.testng.internal.Invoker.invokeTestMethod(Invoker.java:901)
	at org.testng.internal.Invoker.invokeTestMethods(Invoker.java:1231)
	at org.testng.internal.TestMethodWorker.invokeTestMethods(TestMethodWorker.java:127)
	at org.testng.internal.TestMethodWorker.run(TestMethodWorker.java:111)
	at org.testng.TestRunner.privateRun(TestRunner.java:767)
	at org.testng.TestRunner.run(TestRunner.java:617)
	at org.testng.SuiteRunner.runTest(SuiteRunner.java:334)
	at org.testng.SuiteRunner.runSequentially(SuiteRunner.java:329)
	at org.testng.SuiteRunner.privateRun(SuiteRunner.java:291)
	at org.testng.SuiteRunner.run(SuiteRunner.java:240)
	at org.testng.SuiteRunnerWorker.runSuite(SuiteRunnerWorker.java:52)
	at org.testng.SuiteRunnerWorker.run(SuiteRunnerWorker.java:86)
	at org.testng.TestNG.runSuitesSequentially(TestNG.java:1198)
	at org.testng.TestNG.runSuitesLocally(TestNG.java:1123)
	at org.testng.TestNG.run(TestNG.java:1031)
	at org.apache.maven.surefire.testng.TestNGExecutor.run(TestNGExecutor.java:132)
	at org.apache.maven.surefire.testng.TestNGDirectoryTestSuite.executeSingleClass(TestNGDirectoryTestSuite.java:112)
	at org.apache.maven.surefire.testng.TestNGDirectoryTestSuite.execute(TestNGDirectoryTestSuite.java:99)
	at org.apache.maven.surefire.testng.TestNGProvider.invoke(TestNGProvider.java:147)
	at org.apache.maven.surefire.booter.ForkedBooter.invokeProviderInSameClassLoader(ForkedBooter.java:290)
	at org.apache.maven.surefire.booter.ForkedBooter.runSuitesInProcess(ForkedBooter.java:242)
	at org.apache.maven.surefire.booter.ForkedBooter.main(ForkedBooter.java:121)
]]>
            </full-stacktrace>
          </exception> <!-- org.openqa.selenium.NoSuchElementException -->
          <reporter-output>
            <line>
              <![CDATA[2021-01-04 15:10:58,245 INFO  shopify.createStoreAndInstallChatalyst - Pre-condition: Access Shopify
]]>
            </line>
            <line>
              <![CDATA[2021-01-04 15:11:00,098 INFO  shopify.createStoreAndInstallChatalyst - Step 01: Press on Start free trial button
]]>
            </line>
            <line>
              <![CDATA[2021-01-04 15:11:00,278 INFO  shopify.createStoreAndInstallChatalyst - Step 02: Fill info to register
]]>
            </line>
            <line>
              <![CDATA[2021-01-04 15:11:03,782 INFO  shopify.createStoreAndInstallChatalyst - Step 03: Press Create your store button
]]>
            </line>
            <line>
              <![CDATA[2021-01-04 15:11:13,070 INFO  shopify.createStoreAndInstallChatalyst - Step 04: Verify Create an account
]]>
            </line>
            <line>
              <![CDATA[2021-01-04 15:11:16,131 INFO  shopify.createStoreAndInstallChatalyst - Step 05: Verify the user can create the store
]]>
            </line>
            <line>
              <![CDATA[2021-01-04 15:11:27,143 INFO  shopify.createStoreAndInstallChatalyst -  -------------------------- PASSED -------------------------- 
]]>
            </line>
            <line>
              <![CDATA[2021-01-04 15:11:27,143 INFO  shopify.createStoreAndInstallChatalyst - Step 06: Fill info at About yourself
]]>
            </line>
            <line>
              <![CDATA[2021-01-04 15:11:32,442 INFO  shopify.createStoreAndInstallChatalyst - Step 07: Fill address
]]>
            </line>
          </reporter-output>
        </test-method> <!-- TC01_CreateShopifyStore -->
        <test-method signature="TC01_CreateShopifyStore()[pri:0, instance:shopify.createStoreAndInstallChatalyst@4562e04d]" started-at="2021-01-04T15:12:03Z" name="TC01_CreateShopifyStore" finished-at="2021-01-04T15:20:47Z" duration-ms="523897" status="PASS">
          <reporter-output>
            <line>
              <![CDATA[2021-01-04 15:12:03,877 INFO  shopify.createStoreAndInstallChatalyst - Pre-condition: Access Shopify
]]>
            </line>
            <line>
              <![CDATA[2021-01-04 15:12:04,504 INFO  shopify.createStoreAndInstallChatalyst - Step 01: Press on Start free trial button
]]>
            </line>
            <line>
              <![CDATA[2021-01-04 15:12:04,889 INFO  shopify.createStoreAndInstallChatalyst - Step 02: Fill info to register
]]>
            </line>
            <line>
              <![CDATA[2021-01-04 15:12:08,349 INFO  shopify.createStoreAndInstallChatalyst - Step 03: Press Create your store button
]]>
            </line>
            <line>
              <![CDATA[2021-01-04 15:12:17,612 INFO  shopify.createStoreAndInstallChatalyst - Step 04: Verify Create an account
]]>
            </line>
            <line>
              <![CDATA[2021-01-04 15:12:20,686 INFO  shopify.createStoreAndInstallChatalyst - Step 05: Verify the user can create the store
]]>
            </line>
            <line>
              <![CDATA[2021-01-04 15:12:31,660 INFO  shopify.createStoreAndInstallChatalyst -  -------------------------- PASSED -------------------------- 
]]>
            </line>
            <line>
              <![CDATA[2021-01-04 15:12:31,660 INFO  shopify.createStoreAndInstallChatalyst - Step 06: Fill info at About yourself
]]>
            </line>
            <line>
              <![CDATA[2021-01-04 15:12:37,003 INFO  shopify.createStoreAndInstallChatalyst - Step 07: Fill address
]]>
            </line>
            <line>
              <![CDATA[2021-01-04 15:12:49,893 INFO  shopify.createStoreAndInstallChatalyst - Step 08: Verify the store has been created
]]>
            </line>
            <line>
              <![CDATA[2021-01-04 15:12:56,893 INFO  shopify.createStoreAndInstallChatalyst -  -------------------------- PASSED -------------------------- 
]]>
            </line>
            <line>
              <![CDATA[2021-01-04 15:12:56,893 INFO  shopify.createStoreAndInstallChatalyst - Step 09: Print store info
]]>
            </line>
            <line>
              <![CDATA[2021-01-04 15:12:56,919 INFO  shopify.createStoreAndInstallChatalyst - Step 10: Write data to the csv20210104_150951_Swift.csv
]]>
            </line>
            <line>
              <![CDATA[2021-01-04 15:12:56,923 INFO  shopify.createStoreAndInstallChatalyst - Step 11: Select Apps menu
]]>
            </line>
            <line>
              <![CDATA[2021-01-04 15:13:00,040 INFO  shopify.createStoreAndInstallChatalyst - Step 12: Visit Shopify App store
]]>
            </line>
            <line>
              <![CDATA[2021-01-04 15:13:03,163 INFO  shopify.createStoreAndInstallChatalyst - Step 13: choose account to continue to shopify app
]]>
            </line>
            <line>
              <![CDATA[2021-01-04 15:13:17,002 INFO  shopify.createStoreAndInstallChatalyst - Step 14: Search app Oberlo
]]>
            </line>
            <line>
              <![CDATA[2021-01-04 15:13:26,512 INFO  shopify.createStoreAndInstallChatalyst - Step 15: Select Oberlo app
]]>
            </line>
            <line>
              <![CDATA[2021-01-04 15:13:27,603 INFO  shopify.createStoreAndInstallChatalyst - Step 16: Add Oberlo app to store
]]>
            </line>
            <line>
              <![CDATA[2021-01-04 15:13:44,957 INFO  shopify.createStoreAndInstallChatalyst - Step create new account oberlo
]]>
            </line>
            <line>
              <![CDATA[2021-01-04 15:14:25,519 INFO  shopify.createStoreAndInstallChatalyst - Step 18: Search product Oberlo
]]>
            </line>
            <line>
              <![CDATA[2021-01-04 15:14:31,362 INFO  shopify.createStoreAndInstallChatalyst - Step 19: Search random product
]]>
            </line>
            <line>
              <![CDATA[2021-01-04 15:14:48,920 INFO  shopify.createStoreAndInstallChatalyst - Step 20: Add product to import list
]]>
            </line>
            <line>
              <![CDATA[2021-01-04 15:14:56,811 INFO  shopify.createStoreAndInstallChatalyst - Step 21: Import List product
]]>
            </line>
            <line>
              <![CDATA[2021-01-04 15:15:27,763 INFO  shopify.createStoreAndInstallChatalyst - Step 22: Select Apps menu
]]>
            </line>
            <line>
              <![CDATA[2021-01-04 15:15:32,851 INFO  shopify.createStoreAndInstallChatalyst - Step 23: Visit Shopify App store
]]>
            </line>
            <line>
              <![CDATA[2021-01-04 15:15:35,966 INFO  shopify.createStoreAndInstallChatalyst - Random delay
]]>
            </line>
            <line>
              <![CDATA[2021-01-04 15:15:35,967 INFO  shopify.createStoreAndInstallChatalyst - Step 25: Search free Shopify app
]]>
            </line>
            <line>
              <![CDATA[2021-01-04 15:15:48,195 INFO  shopify.createStoreAndInstallChatalyst - Step 26: Select app
]]>
            </line>
            <line>
              <![CDATA[2021-01-04 15:15:56,334 INFO  shopify.createStoreAndInstallChatalyst - Step 27: Add random app to store
]]>
            </line>
            <line>
              <![CDATA[2021-01-04 15:16:27,516 INFO  shopify.createStoreAndInstallChatalyst - Step 28: Select Apps menu
]]>
            </line>
            <line>
              <![CDATA[2021-01-04 15:16:32,585 INFO  shopify.createStoreAndInstallChatalyst - Step 29: Visit Shopify App store
]]>
            </line>
            <line>
              <![CDATA[2021-01-04 15:16:35,681 INFO  shopify.createStoreAndInstallChatalyst - Step 31: Search free Shopify app
]]>
            </line>
            <line>
              <![CDATA[2021-01-04 15:16:47,283 INFO  shopify.createStoreAndInstallChatalyst - Step 32: Select app
]]>
            </line>
            <line>
              <![CDATA[2021-01-04 15:16:48,750 INFO  shopify.createStoreAndInstallChatalyst - Step 33: Add random app to store
]]>
            </line>
            <line>
              <![CDATA[2021-01-04 15:17:17,031 INFO  shopify.createStoreAndInstallChatalyst - Step 34: Select Apps menu
]]>
            </line>
            <line>
              <![CDATA[2021-01-04 15:17:22,097 INFO  shopify.createStoreAndInstallChatalyst - Step 35: Visit Shopify App store
]]>
            </line>
            <line>
              <![CDATA[2021-01-04 15:17:25,180 INFO  shopify.createStoreAndInstallChatalyst - Step 37: Search free Shopify app
]]>
            </line>
            <line>
              <![CDATA[2021-01-04 15:17:36,572 INFO  shopify.createStoreAndInstallChatalyst - Step 38: Select app
]]>
            </line>
            <line>
              <![CDATA[2021-01-04 15:17:40,969 INFO  shopify.createStoreAndInstallChatalyst - Step 39: Add random app to store
]]>
            </line>
            <line>
              <![CDATA[2021-01-04 15:18:13,533 INFO  shopify.createStoreAndInstallChatalyst - Step 40 : Select Discount menu
]]>
            </line>
            <line>
              <![CDATA[2021-01-04 15:18:21,760 INFO  shopify.createStoreAndInstallChatalyst - Step 41: Input random code name
]]>
            </line>
            <line>
              <![CDATA[2021-01-04 15:18:24,926 INFO  shopify.createStoreAndInstallChatalyst - Step 42: Input random discount value
]]>
            </line>
            <line>
              <![CDATA[2021-01-04 15:18:28,046 INFO  shopify.createStoreAndInstallChatalyst - Step 43: Check Limit to one use per customer
]]>
            </line>
            <line>
              <![CDATA[2021-01-04 15:20:18,600 INFO  shopify.createStoreAndInstallChatalyst - Step 44: Select Apps menu
]]>
            </line>
            <line>
              <![CDATA[2021-01-04 15:20:21,769 INFO  shopify.createStoreAndInstallChatalyst - Step 45: Visit Shopify App store
]]>
            </line>
            <line>
              <![CDATA[2021-01-04 15:20:24,871 INFO  shopify.createStoreAndInstallChatalyst - Step 46: Search app by keyword
]]>
            </line>
            <line>
              <![CDATA[2021-01-04 15:20:34,149 INFO  shopify.createStoreAndInstallChatalyst - Step 47: Select Swift app
]]>
            </line>
            <line>
              <![CDATA[2021-01-04 15:20:39,696 INFO  shopify.createStoreAndInstallChatalyst - Step 48: Add Swift app to store
]]>
            </line>
          </reporter-output>
        </test-method> <!-- TC01_CreateShopifyStore -->
        <test-method signature="TC01_CreateShopifyStore()[pri:0, instance:shopify.createStoreAndInstallChatalyst@4562e04d]" started-at="2021-01-04T15:20:47Z" name="TC01_CreateShopifyStore" finished-at="2021-01-04T15:29:19Z" duration-ms="511726" status="PASS">
          <reporter-output>
            <line>
              <![CDATA[2021-01-04 15:20:47,775 INFO  shopify.createStoreAndInstallChatalyst - Pre-condition: Access Shopify
]]>
            </line>
            <line>
              <![CDATA[2021-01-04 15:20:48,900 INFO  shopify.createStoreAndInstallChatalyst - Step 01: Press on Start free trial button
]]>
            </line>
            <line>
              <![CDATA[2021-01-04 15:20:49,147 INFO  shopify.createStoreAndInstallChatalyst - Step 02: Fill info to register
]]>
            </line>
            <line>
              <![CDATA[2021-01-04 15:20:52,568 INFO  shopify.createStoreAndInstallChatalyst - Step 03: Press Create your store button
]]>
            </line>
            <line>
              <![CDATA[2021-01-04 15:21:01,769 INFO  shopify.createStoreAndInstallChatalyst - Step 04: Verify Create an account
]]>
            </line>
            <line>
              <![CDATA[2021-01-04 15:21:04,782 INFO  shopify.createStoreAndInstallChatalyst - Step 05: Verify the user can create the store
]]>
            </line>
            <line>
              <![CDATA[2021-01-04 15:21:15,570 INFO  shopify.createStoreAndInstallChatalyst -  -------------------------- PASSED -------------------------- 
]]>
            </line>
            <line>
              <![CDATA[2021-01-04 15:21:15,570 INFO  shopify.createStoreAndInstallChatalyst - Step 06: Fill info at About yourself
]]>
            </line>
            <line>
              <![CDATA[2021-01-04 15:21:20,840 INFO  shopify.createStoreAndInstallChatalyst - Step 07: Fill address
]]>
            </line>
            <line>
              <![CDATA[2021-01-04 15:21:30,766 INFO  shopify.createStoreAndInstallChatalyst - Step 08: Verify the store has been created
]]>
            </line>
            <line>
              <![CDATA[2021-01-04 15:21:35,770 INFO  shopify.createStoreAndInstallChatalyst -  -------------------------- PASSED -------------------------- 
]]>
            </line>
            <line>
              <![CDATA[2021-01-04 15:21:35,770 INFO  shopify.createStoreAndInstallChatalyst - Step 09: Print store info
]]>
            </line>
            <line>
              <![CDATA[2021-01-04 15:21:35,795 INFO  shopify.createStoreAndInstallChatalyst - Step 10: Write data to the csv20210104_150951_Swift.csv
]]>
            </line>
            <line>
              <![CDATA[2021-01-04 15:21:35,796 INFO  shopify.createStoreAndInstallChatalyst - Step 11: Select Apps menu
]]>
            </line>
            <line>
              <![CDATA[2021-01-04 15:21:38,937 INFO  shopify.createStoreAndInstallChatalyst - Step 12: Visit Shopify App store
]]>
            </line>
            <line>
              <![CDATA[2021-01-04 15:21:42,054 INFO  shopify.createStoreAndInstallChatalyst - Step 13: choose account to continue to shopify app
]]>
            </line>
            <line>
              <![CDATA[2021-01-04 15:21:50,174 INFO  shopify.createStoreAndInstallChatalyst - Step 14: Search app Oberlo
]]>
            </line>
            <line>
              <![CDATA[2021-01-04 15:21:59,679 INFO  shopify.createStoreAndInstallChatalyst - Step 15: Select Oberlo app
]]>
            </line>
            <line>
              <![CDATA[2021-01-04 15:22:00,752 INFO  shopify.createStoreAndInstallChatalyst - Step 16: Add Oberlo app to store
]]>
            </line>
            <line>
              <![CDATA[2021-01-04 15:22:16,417 INFO  shopify.createStoreAndInstallChatalyst - Step create new account oberlo
]]>
            </line>
            <line>
              <![CDATA[2021-01-04 15:22:57,940 INFO  shopify.createStoreAndInstallChatalyst - Step 18: Search product Oberlo
]]>
            </line>
            <line>
              <![CDATA[2021-01-04 15:23:02,807 INFO  shopify.createStoreAndInstallChatalyst - Step 19: Search random product
]]>
            </line>
            <line>
              <![CDATA[2021-01-04 15:23:20,571 INFO  shopify.createStoreAndInstallChatalyst - Step 20: Add product to import list
]]>
            </line>
            <line>
              <![CDATA[2021-01-04 15:23:28,356 INFO  shopify.createStoreAndInstallChatalyst - Step 21: Import List product
]]>
            </line>
            <line>
              <![CDATA[2021-01-04 15:23:57,304 INFO  shopify.createStoreAndInstallChatalyst - Step 22: Select Apps menu
]]>
            </line>
            <line>
              <![CDATA[2021-01-04 15:24:02,377 INFO  shopify.createStoreAndInstallChatalyst - Step 23: Visit Shopify App store
]]>
            </line>
            <line>
              <![CDATA[2021-01-04 15:24:05,534 INFO  shopify.createStoreAndInstallChatalyst - Random delay
]]>
            </line>
            <line>
              <![CDATA[2021-01-04 15:24:05,534 INFO  shopify.createStoreAndInstallChatalyst - Step 25: Search free Shopify app
]]>
            </line>
            <line>
              <![CDATA[2021-01-04 15:24:17,368 INFO  shopify.createStoreAndInstallChatalyst - Step 26: Select app
]]>
            </line>
            <line>
              <![CDATA[2021-01-04 15:24:27,963 INFO  shopify.createStoreAndInstallChatalyst - Step 27: Add random app to store
]]>
            </line>
            <line>
              <![CDATA[2021-01-04 15:24:55,815 INFO  shopify.createStoreAndInstallChatalyst - Step 28: Select Apps menu
]]>
            </line>
            <line>
              <![CDATA[2021-01-04 15:25:00,881 INFO  shopify.createStoreAndInstallChatalyst - Step 29: Visit Shopify App store
]]>
            </line>
            <line>
              <![CDATA[2021-01-04 15:25:03,964 INFO  shopify.createStoreAndInstallChatalyst - Step 31: Search free Shopify app
]]>
            </line>
            <line>
              <![CDATA[2021-01-04 15:25:15,564 INFO  shopify.createStoreAndInstallChatalyst - Step 32: Select app
]]>
            </line>
            <line>
              <![CDATA[2021-01-04 15:25:24,261 INFO  shopify.createStoreAndInstallChatalyst - Step 33: Add random app to store
]]>
            </line>
            <line>
              <![CDATA[2021-01-04 15:25:50,379 INFO  shopify.createStoreAndInstallChatalyst - Step 34: Select Apps menu
]]>
            </line>
            <line>
              <![CDATA[2021-01-04 15:25:55,457 INFO  shopify.createStoreAndInstallChatalyst - Step 35: Visit Shopify App store
]]>
            </line>
            <line>
              <![CDATA[2021-01-04 15:25:58,571 INFO  shopify.createStoreAndInstallChatalyst - Step 37: Search free Shopify app
]]>
            </line>
            <line>
              <![CDATA[2021-01-04 15:26:10,362 INFO  shopify.createStoreAndInstallChatalyst - Step 38: Select app
]]>
            </line>
            <line>
              <![CDATA[2021-01-04 15:26:11,319 INFO  shopify.createStoreAndInstallChatalyst - Step 39: Add random app to store
]]>
            </line>
            <line>
              <![CDATA[2021-01-04 15:26:37,972 INFO  shopify.createStoreAndInstallChatalyst - Step 40 : Select Discount menu
]]>
            </line>
            <line>
              <![CDATA[2021-01-04 15:26:46,258 INFO  shopify.createStoreAndInstallChatalyst - Step 41: Input random code name
]]>
            </line>
            <line>
              <![CDATA[2021-01-04 15:26:49,473 INFO  shopify.createStoreAndInstallChatalyst - Step 42: Input random discount value
]]>
            </line>
            <line>
              <![CDATA[2021-01-04 15:26:52,610 INFO  shopify.createStoreAndInstallChatalyst - Step 43: Check Limit to one use per customer
]]>
            </line>
            <line>
              <![CDATA[2021-01-04 15:28:51,464 INFO  shopify.createStoreAndInstallChatalyst - Step 44: Select Apps menu
]]>
            </line>
            <line>
              <![CDATA[2021-01-04 15:28:54,606 INFO  shopify.createStoreAndInstallChatalyst - Step 45: Visit Shopify App store
]]>
            </line>
            <line>
              <![CDATA[2021-01-04 15:28:57,712 INFO  shopify.createStoreAndInstallChatalyst - Step 46: Search app by keyword
]]>
            </line>
            <line>
              <![CDATA[2021-01-04 15:29:06,965 INFO  shopify.createStoreAndInstallChatalyst - Step 47: Select Swift app
]]>
            </line>
            <line>
              <![CDATA[2021-01-04 15:29:11,430 INFO  shopify.createStoreAndInstallChatalyst - Step 48: Add Swift app to store
]]>
            </line>
          </reporter-output>
        </test-method> <!-- TC01_CreateShopifyStore -->
        <test-method signature="TC01_CreateShopifyStore()[pri:0, instance:shopify.createStoreAndInstallChatalyst@4562e04d]" started-at="2021-01-04T15:29:19Z" name="TC01_CreateShopifyStore" finished-at="2021-01-04T15:32:32Z" duration-ms="192960" status="FAIL">
          <exception class="org.openqa.selenium.NoSuchFrameException">
            <message>
              <![CDATA[No frame element found by name or id intercom-modal-frame
Build info: version: '3.141.59', revision: 'e82be7d358', time: '2018-11-14T08:17:03'
System info: host: 'DESKTOP-Q3PRP13', ip: '192.168.3.18', os.name: 'Windows 10', os.arch: 'amd64', os.version: '10.0', java.version: '14.0.2'
Driver info: driver.version: unknown]]>
            </message>
            <full-stacktrace>
              <![CDATA[org.openqa.selenium.NoSuchFrameException: No frame element found by name or id intercom-modal-frame
Build info: version: '3.141.59', revision: 'e82be7d358', time: '2018-11-14T08:17:03'
System info: host: 'DESKTOP-Q3PRP13', ip: '192.168.3.18', os.name: 'Windows 10', os.arch: 'amd64', os.version: '10.0', java.version: '14.0.2'
Driver info: driver.version: unknown
	at org.openqa.selenium.remote.RemoteWebDriver$RemoteTargetLocator.frame(RemoteWebDriver.java:885)
	at pageObject.OberloPO.clickToClosePopup(OberloPO.java:137)
	at shopify.createStoreAndInstallChatalyst.TC01_CreateShopifyStore(createStoreAndInstallChatalyst.java:224)
	at java.base/jdk.internal.reflect.NativeMethodAccessorImpl.invoke0(Native Method)
	at java.base/jdk.internal.reflect.NativeMethodAccessorImpl.invoke(NativeMethodAccessorImpl.java:62)
	at java.base/jdk.internal.reflect.DelegatingMethodAccessorImpl.invoke(DelegatingMethodAccessorImpl.java:43)
	at java.base/java.lang.reflect.Method.invoke(Method.java:564)
	at org.testng.internal.MethodInvocationHelper.invokeMethod(MethodInvocationHelper.java:80)
	at org.testng.internal.Invoker.invokeMethod(Invoker.java:714)
	at org.testng.internal.Invoker.invokeTestMethod(Invoker.java:901)
	at org.testng.internal.Invoker.invokeTestMethods(Invoker.java:1231)
	at org.testng.internal.TestMethodWorker.invokeTestMethods(TestMethodWorker.java:127)
	at org.testng.internal.TestMethodWorker.run(TestMethodWorker.java:111)
	at org.testng.TestRunner.privateRun(TestRunner.java:767)
	at org.testng.TestRunner.run(TestRunner.java:617)
	at org.testng.SuiteRunner.runTest(SuiteRunner.java:334)
	at org.testng.SuiteRunner.runSequentially(SuiteRunner.java:329)
	at org.testng.SuiteRunner.privateRun(SuiteRunner.java:291)
	at org.testng.SuiteRunner.run(SuiteRunner.java:240)
	at org.testng.SuiteRunnerWorker.runSuite(SuiteRunnerWorker.java:52)
	at org.testng.SuiteRunnerWorker.run(SuiteRunnerWorker.java:86)
	at org.testng.TestNG.runSuitesSequentially(TestNG.java:1198)
	at org.testng.TestNG.runSuitesLocally(TestNG.java:1123)
	at org.testng.TestNG.run(TestNG.java:1031)
	at org.apache.maven.surefire.testng.TestNGExecutor.run(TestNGExecutor.java:132)
	at org.apache.maven.surefire.testng.TestNGDirectoryTestSuite.executeSingleClass(TestNGDirectoryTestSuite.java:112)
	at org.apache.maven.surefire.testng.TestNGDirectoryTestSuite.execute(TestNGDirectoryTestSuite.java:99)
	at org.apache.maven.surefire.testng.TestNGProvider.invoke(TestNGProvider.java:147)
	at org.apache.maven.surefire.booter.ForkedBooter.invokeProviderInSameClassLoader(ForkedBooter.java:290)
	at org.apache.maven.surefire.booter.ForkedBooter.runSuitesInProcess(ForkedBooter.java:242)
	at org.apache.maven.surefire.booter.ForkedBooter.main(ForkedBooter.java:121)
]]>
            </full-stacktrace>
          </exception> <!-- org.openqa.selenium.NoSuchFrameException -->
          <reporter-output>
            <line>
              <![CDATA[2021-01-04 15:29:19,501 INFO  shopify.createStoreAndInstallChatalyst - Pre-condition: Access Shopify
]]>
            </line>
            <line>
              <![CDATA[2021-01-04 15:29:20,675 INFO  shopify.createStoreAndInstallChatalyst - Step 01: Press on Start free trial button
]]>
            </line>
            <line>
              <![CDATA[2021-01-04 15:29:20,952 INFO  shopify.createStoreAndInstallChatalyst - Step 02: Fill info to register
]]>
            </line>
            <line>
              <![CDATA[2021-01-04 15:29:24,413 INFO  shopify.createStoreAndInstallChatalyst - Step 03: Press Create your store button
]]>
            </line>
            <line>
              <![CDATA[2021-01-04 15:29:33,707 INFO  shopify.createStoreAndInstallChatalyst - Step 04: Verify Create an account
]]>
            </line>
            <line>
              <![CDATA[2021-01-04 15:29:36,773 INFO  shopify.createStoreAndInstallChatalyst - Step 05: Verify the user can create the store
]]>
            </line>
            <line>
              <![CDATA[2021-01-04 15:29:46,883 INFO  shopify.createStoreAndInstallChatalyst -  -------------------------- PASSED -------------------------- 
]]>
            </line>
            <line>
              <![CDATA[2021-01-04 15:29:46,883 INFO  shopify.createStoreAndInstallChatalyst - Step 06: Fill info at About yourself
]]>
            </line>
            <line>
              <![CDATA[2021-01-04 15:29:52,154 INFO  shopify.createStoreAndInstallChatalyst - Step 07: Fill address
]]>
            </line>
            <line>
              <![CDATA[2021-01-04 15:30:05,038 INFO  shopify.createStoreAndInstallChatalyst - Step 08: Verify the store has been created
]]>
            </line>
            <line>
              <![CDATA[2021-01-04 15:30:10,131 INFO  shopify.createStoreAndInstallChatalyst -  -------------------------- PASSED -------------------------- 
]]>
            </line>
            <line>
              <![CDATA[2021-01-04 15:30:10,131 INFO  shopify.createStoreAndInstallChatalyst - Step 09: Print store info
]]>
            </line>
            <line>
              <![CDATA[2021-01-04 15:30:10,153 INFO  shopify.createStoreAndInstallChatalyst - Step 10: Write data to the csv20210104_150951_Swift.csv
]]>
            </line>
            <line>
              <![CDATA[2021-01-04 15:30:10,154 INFO  shopify.createStoreAndInstallChatalyst - Step 11: Select Apps menu
]]>
            </line>
            <line>
              <![CDATA[2021-01-04 15:30:13,271 INFO  shopify.createStoreAndInstallChatalyst - Step 12: Visit Shopify App store
]]>
            </line>
            <line>
              <![CDATA[2021-01-04 15:30:16,380 INFO  shopify.createStoreAndInstallChatalyst - Step 13: choose account to continue to shopify app
]]>
            </line>
            <line>
              <![CDATA[2021-01-04 15:30:25,231 INFO  shopify.createStoreAndInstallChatalyst - Step 14: Search app Oberlo
]]>
            </line>
            <line>
              <![CDATA[2021-01-04 15:30:34,842 INFO  shopify.createStoreAndInstallChatalyst - Step 15: Select Oberlo app
]]>
            </line>
            <line>
              <![CDATA[2021-01-04 15:30:36,767 INFO  shopify.createStoreAndInstallChatalyst - Step 16: Add Oberlo app to store
]]>
            </line>
            <line>
              <![CDATA[2021-01-04 15:30:53,894 INFO  shopify.createStoreAndInstallChatalyst - Step create new account oberlo
]]>
            </line>
          </reporter-output>
        </test-method> <!-- TC01_CreateShopifyStore -->
        <test-method is-config="true" signature="quitBrowser()[pri:0, instance:shopify.createStoreAndInstallChatalyst@4562e04d]" started-at="2021-01-04T15:32:32Z" name="quitBrowser" finished-at="2021-01-04T15:32:33Z" duration-ms="890" status="PASS">
          <reporter-output>
            <line>
              <![CDATA[2021-01-04 15:32:32,459 INFO  shopify.createStoreAndInstallChatalyst - OS Name = windows 10
]]>
            </line>
            <line>
              <![CDATA[2021-01-04 15:32:33,349 INFO  shopify.createStoreAndInstallChatalyst - ----------------QUIT BROWSER SUCCESS-----------------
]]>
            </line>
          </reporter-output>
        </test-method> <!-- quitBrowser -->
      </class> <!-- shopify.createStoreAndInstallChatalyst -->
    </test> <!-- Surefire test -->
  </suite> <!-- Surefire suite -->
</testng-results>
