<?xml version="1.0" encoding="UTF-8"?>
<testng-results total="5" passed="4" failed="1" skipped="0">
  <reporter-output>
    <line>
      <![CDATA[2020-11-24 14:33:46,216 INFO  shopify.createStoreAndInstallSwift - Pre-condition: Clear test data
]]>
    </line>
    <line>
      <![CDATA[2020-11-24 14:33:46,261 INFO  shopify.createStoreAndInstallSwift - Step 01:   
]]>
    </line>
    <line>
      <![CDATA[2020-11-24 14:33:46,265 INFO  shopify.createStoreAndInstallSwift - Step 01: Pre-condition: Access App Store Shopify
]]>
    </line>
    <line>
      <![CDATA[2020-11-24 14:33:49,159 INFO  shopify.createStoreAndInstallSwift - Step 02: Search keyword swift
]]>
    </line>
    <line>
      <![CDATA[2020-11-24 14:33:54,374 INFO  shopify.createStoreAndInstallSwift - Step 03: Print store info
]]>
    </line>
    <line>
      <![CDATA[2020-11-24 14:33:54,374 INFO  shopify.createStoreAndInstallSwift - Step 04: Write data to the csv20201124_143346_Swift.csv
]]>
    </line>
    <line>
      <![CDATA[2020-11-24 14:33:59,076 INFO  shopify.createStoreAndInstallSwift - Step 05: Click choose app Swift
]]>
    </line>
    <line>
      <![CDATA[2020-11-24 14:35:18,500 INFO  shopify.createStoreAndInstallSwift - Step 01:   
]]>
    </line>
    <line>
      <![CDATA[2020-11-24 14:35:18,502 INFO  shopify.createStoreAndInstallSwift - Step 01: Pre-condition: Access App Store Shopify
]]>
    </line>
    <line>
      <![CDATA[2020-11-24 14:35:20,077 INFO  shopify.createStoreAndInstallSwift - Step 02: Search keyword swift
]]>
    </line>
    <line>
      <![CDATA[2020-11-24 14:35:25,252 INFO  shopify.createStoreAndInstallSwift - Step 03: Print store info
]]>
    </line>
    <line>
      <![CDATA[2020-11-24 14:35:25,252 INFO  shopify.createStoreAndInstallSwift - Step 04: Write data to the csv20201124_143346_Swift.csv
]]>
    </line>
    <line>
      <![CDATA[2020-11-24 14:35:29,569 INFO  shopify.createStoreAndInstallSwift - Step 05: Click choose app Swift
]]>
    </line>
    <line>
      <![CDATA[2020-11-24 14:36:49,383 INFO  shopify.createStoreAndInstallSwift - Step 01:   
]]>
    </line>
    <line>
      <![CDATA[2020-11-24 14:36:49,384 INFO  shopify.createStoreAndInstallSwift - Step 01: Pre-condition: Access App Store Shopify
]]>
    </line>
    <line>
      <![CDATA[2020-11-24 14:36:50,633 INFO  shopify.createStoreAndInstallSwift - Step 02: Search keyword swift
]]>
    </line>
    <line>
      <![CDATA[2020-11-24 14:36:55,792 INFO  shopify.createStoreAndInstallSwift - Step 03: Print store info
]]>
    </line>
    <line>
      <![CDATA[2020-11-24 14:36:55,792 INFO  shopify.createStoreAndInstallSwift - Step 04: Write data to the csv20201124_143346_Swift.csv
]]>
    </line>
    <line>
      <![CDATA[2020-11-24 14:36:59,962 INFO  shopify.createStoreAndInstallSwift - Step 05: Click choose app Swift
]]>
    </line>
    <line>
      <![CDATA[2020-11-24 14:38:26,431 INFO  shopify.createStoreAndInstallSwift - Step 01:   
]]>
    </line>
    <line>
      <![CDATA[2020-11-24 14:38:26,434 INFO  shopify.createStoreAndInstallSwift - Step 01: Pre-condition: Access App Store Shopify
]]>
    </line>
    <line>
      <![CDATA[2020-11-24 14:38:29,346 INFO  shopify.createStoreAndInstallSwift - Step 02: Search keyword swift
]]>
    </line>
    <line>
      <![CDATA[2020-11-24 14:38:34,531 INFO  shopify.createStoreAndInstallSwift - Step 03: Print store info
]]>
    </line>
    <line>
      <![CDATA[2020-11-24 14:38:34,531 INFO  shopify.createStoreAndInstallSwift - Step 04: Write data to the csv20201124_143346_Swift.csv
]]>
    </line>
    <line>
      <![CDATA[2020-11-24 14:38:38,802 INFO  shopify.createStoreAndInstallSwift - Step 05: Click choose app Swift
]]>
    </line>
    <line>
      <![CDATA[2020-11-24 14:39:35,014 INFO  shopify.createStoreAndInstallSwift - Step 01:   
]]>
    </line>
    <line>
      <![CDATA[2020-11-24 14:39:35,014 INFO  shopify.createStoreAndInstallSwift - Step 01: Pre-condition: Access App Store Shopify
]]>
    </line>
    <line>
      <![CDATA[2020-11-24 14:39:36,561 INFO  shopify.createStoreAndInstallSwift - Step 02: Search keyword swift
]]>
    </line>
    <line>
      <![CDATA[2020-11-24 14:39:41,741 INFO  shopify.createStoreAndInstallSwift - Step 03: Print store info
]]>
    </line>
    <line>
      <![CDATA[2020-11-24 14:39:41,742 INFO  shopify.createStoreAndInstallSwift - Step 04: Write data to the csv20201124_143346_Swift.csv
]]>
    </line>
    <line>
      <![CDATA[2020-11-24 14:39:46,303 INFO  shopify.createStoreAndInstallSwift - Step 05: Click choose app Swift
]]>
    </line>
    <line>
      <![CDATA[2020-11-24 14:41:09,247 INFO  shopify.createStoreAndInstallSwift - OS Name = windows 10
]]>
    </line>
    <line>
      <![CDATA[2020-11-24 14:41:10,009 INFO  shopify.createStoreAndInstallSwift - ----------------QUIT BROWSER SUCCESS-----------------
]]>
    </line>
  </reporter-output>
  <suite started-at="2020-11-24T07:33:38Z" name="Surefire suite" finished-at="2020-11-24T07:41:10Z" duration-ms="451416">
    <groups>
    </groups>
    <test started-at="2020-11-24T07:33:38Z" name="Surefire test" finished-at="2020-11-24T07:41:10Z" duration-ms="451416">
      <class name="shopify.createStoreAndInstallSwift">
        <test-method is-config="true" signature="beforeTest()[pri:0, instance:shopify.createStoreAndInstallSwift@313ac989]" started-at="2020-11-24T14:33:38Z" name="beforeTest" finished-at="2020-11-24T14:33:46Z" duration-ms="7630" status="PASS">
          <reporter-output>
            <line>
              <![CDATA[2020-11-24 14:33:46,216 INFO  shopify.createStoreAndInstallSwift - Pre-condition: Clear test data
]]>
            </line>
          </reporter-output>
        </test-method> <!-- beforeTest -->
        <test-method signature="TC01_CreateShopifyStore()[pri:0, instance:shopify.createStoreAndInstallSwift@313ac989]" started-at="2020-11-24T14:33:46Z" name="TC01_CreateShopifyStore" finished-at="2020-11-24T14:35:18Z" duration-ms="92262" status="PASS">
          <reporter-output>
            <line>
              <![CDATA[2020-11-24 14:33:46,261 INFO  shopify.createStoreAndInstallSwift - Step 01:   
]]>
            </line>
            <line>
              <![CDATA[2020-11-24 14:33:46,265 INFO  shopify.createStoreAndInstallSwift - Step 01: Pre-condition: Access App Store Shopify
]]>
            </line>
            <line>
              <![CDATA[2020-11-24 14:33:49,159 INFO  shopify.createStoreAndInstallSwift - Step 02: Search keyword swift
]]>
            </line>
            <line>
              <![CDATA[2020-11-24 14:33:54,374 INFO  shopify.createStoreAndInstallSwift - Step 03: Print store info
]]>
            </line>
            <line>
              <![CDATA[2020-11-24 14:33:54,374 INFO  shopify.createStoreAndInstallSwift - Step 04: Write data to the csv20201124_143346_Swift.csv
]]>
            </line>
            <line>
              <![CDATA[2020-11-24 14:33:59,076 INFO  shopify.createStoreAndInstallSwift - Step 05: Click choose app Swift
]]>
            </line>
          </reporter-output>
        </test-method> <!-- TC01_CreateShopifyStore -->
        <test-method signature="TC01_CreateShopifyStore()[pri:0, instance:shopify.createStoreAndInstallSwift@313ac989]" started-at="2020-11-24T14:35:18Z" name="TC01_CreateShopifyStore" finished-at="2020-11-24T14:36:49Z" duration-ms="90885" status="PASS">
          <reporter-output>
            <line>
              <![CDATA[2020-11-24 14:35:18,500 INFO  shopify.createStoreAndInstallSwift - Step 01:   
]]>
            </line>
            <line>
              <![CDATA[2020-11-24 14:35:18,502 INFO  shopify.createStoreAndInstallSwift - Step 01: Pre-condition: Access App Store Shopify
]]>
            </line>
            <line>
              <![CDATA[2020-11-24 14:35:20,077 INFO  shopify.createStoreAndInstallSwift - Step 02: Search keyword swift
]]>
            </line>
            <line>
              <![CDATA[2020-11-24 14:35:25,252 INFO  shopify.createStoreAndInstallSwift - Step 03: Print store info
]]>
            </line>
            <line>
              <![CDATA[2020-11-24 14:35:25,252 INFO  shopify.createStoreAndInstallSwift - Step 04: Write data to the csv20201124_143346_Swift.csv
]]>
            </line>
            <line>
              <![CDATA[2020-11-24 14:35:29,569 INFO  shopify.createStoreAndInstallSwift - Step 05: Click choose app Swift
]]>
            </line>
          </reporter-output>
        </test-method> <!-- TC01_CreateShopifyStore -->
        <test-method signature="TC01_CreateShopifyStore()[pri:0, instance:shopify.createStoreAndInstallSwift@313ac989]" started-at="2020-11-24T14:36:49Z" name="TC01_CreateShopifyStore" finished-at="2020-11-24T14:38:26Z" duration-ms="97047" status="PASS">
          <reporter-output>
            <line>
              <![CDATA[2020-11-24 14:36:49,383 INFO  shopify.createStoreAndInstallSwift - Step 01:   
]]>
            </line>
            <line>
              <![CDATA[2020-11-24 14:36:49,384 INFO  shopify.createStoreAndInstallSwift - Step 01: Pre-condition: Access App Store Shopify
]]>
            </line>
            <line>
              <![CDATA[2020-11-24 14:36:50,633 INFO  shopify.createStoreAndInstallSwift - Step 02: Search keyword swift
]]>
            </line>
            <line>
              <![CDATA[2020-11-24 14:36:55,792 INFO  shopify.createStoreAndInstallSwift - Step 03: Print store info
]]>
            </line>
            <line>
              <![CDATA[2020-11-24 14:36:55,792 INFO  shopify.createStoreAndInstallSwift - Step 04: Write data to the csv20201124_143346_Swift.csv
]]>
            </line>
            <line>
              <![CDATA[2020-11-24 14:36:59,962 INFO  shopify.createStoreAndInstallSwift - Step 05: Click choose app Swift
]]>
            </line>
          </reporter-output>
        </test-method> <!-- TC01_CreateShopifyStore -->
        <test-method signature="TC01_CreateShopifyStore()[pri:0, instance:shopify.createStoreAndInstallSwift@313ac989]" started-at="2020-11-24T14:38:26Z" name="TC01_CreateShopifyStore" finished-at="2020-11-24T14:39:35Z" duration-ms="68576" status="FAIL">
          <exception class="org.openqa.selenium.TimeoutException">
            <message>
              <![CDATA[Expected condition failed: waiting for visibility of element located by By.xpath: //button[contains(text(),'Show full description')] (tried for 30 second(s) with 500 milliseconds interval)]]>
            </message>
            <full-stacktrace>
              <![CDATA[org.openqa.selenium.TimeoutException: Expected condition failed: waiting for visibility of element located by By.xpath: //button[contains(text(),'Show full description')] (tried for 30 second(s) with 500 milliseconds interval)
	at org.openqa.selenium.support.ui.WebDriverWait.timeoutException(WebDriverWait.java:95)
	at org.openqa.selenium.support.ui.FluentWait.until(FluentWait.java:272)
	at commons.AbstractPage.waitToElementVisible(AbstractPage.java:343)
	at pageObject.SwiftPO.clickShowFullDescription(SwiftPO.java:300)
	at shopify.createStoreAndInstallSwift.TC01_CreateShopifyStore(createStoreAndInstallSwift.java:113)
	at java.base/jdk.internal.reflect.NativeMethodAccessorImpl.invoke0(Native Method)
	at java.base/jdk.internal.reflect.NativeMethodAccessorImpl.invoke(NativeMethodAccessorImpl.java:62)
	at java.base/jdk.internal.reflect.DelegatingMethodAccessorImpl.invoke(DelegatingMethodAccessorImpl.java:43)
	at java.base/java.lang.reflect.Method.invoke(Method.java:564)
	at org.testng.internal.MethodInvocationHelper.invokeMethod(MethodInvocationHelper.java:80)
	at org.testng.internal.Invoker.invokeMethod(Invoker.java:714)
	at org.testng.internal.Invoker.invokeTestMethod(Invoker.java:901)
	at org.testng.internal.Invoker.invokeTestMethods(Invoker.java:1231)
	at org.testng.internal.TestMethodWorker.invokeTestMethods(TestMethodWorker.java:127)
	at org.testng.internal.TestMethodWorker.run(TestMethodWorker.java:111)
	at org.testng.TestRunner.privateRun(TestRunner.java:767)
	at org.testng.TestRunner.run(TestRunner.java:617)
	at org.testng.SuiteRunner.runTest(SuiteRunner.java:334)
	at org.testng.SuiteRunner.runSequentially(SuiteRunner.java:329)
	at org.testng.SuiteRunner.privateRun(SuiteRunner.java:291)
	at org.testng.SuiteRunner.run(SuiteRunner.java:240)
	at org.testng.SuiteRunnerWorker.runSuite(SuiteRunnerWorker.java:52)
	at org.testng.SuiteRunnerWorker.run(SuiteRunnerWorker.java:86)
	at org.testng.TestNG.runSuitesSequentially(TestNG.java:1198)
	at org.testng.TestNG.runSuitesLocally(TestNG.java:1123)
	at org.testng.TestNG.run(TestNG.java:1031)
	at org.apache.maven.surefire.testng.TestNGExecutor.run(TestNGExecutor.java:132)
	at org.apache.maven.surefire.testng.TestNGDirectoryTestSuite.executeSingleClass(TestNGDirectoryTestSuite.java:112)
	at org.apache.maven.surefire.testng.TestNGDirectoryTestSuite.execute(TestNGDirectoryTestSuite.java:99)
	at org.apache.maven.surefire.testng.TestNGProvider.invoke(TestNGProvider.java:147)
	at org.apache.maven.surefire.booter.ForkedBooter.invokeProviderInSameClassLoader(ForkedBooter.java:290)
	at org.apache.maven.surefire.booter.ForkedBooter.runSuitesInProcess(ForkedBooter.java:242)
	at org.apache.maven.surefire.booter.ForkedBooter.main(ForkedBooter.java:121)
Caused by: org.openqa.selenium.NoSuchElementException: no such element: Unable to locate element: {"method":"xpath","selector":"//button[contains(text(),'Show full description')]"}
  (Session info: chrome=87.0.4280.66)
For documentation on this error, please visit: https://www.seleniumhq.org/exceptions/no_such_element.html
Build info: version: '3.141.59', revision: 'e82be7d358', time: '2018-11-14T08:17:03'
System info: host: 'DESKTOP-Q3PRP13', ip: '10.10.15.5', os.name: 'Windows 10', os.arch: 'amd64', os.version: '10.0', java.version: '14.0.2'
Driver info: org.openqa.selenium.chrome.ChromeDriver
Capabilities {acceptInsecureCerts: false, browserName: chrome, browserVersion: 87.0.4280.66, chrome: {chromedriverVersion: 87.0.4280.20 (c99e81631faa0..., userDataDir: C:\Users\Admin\AppData\Loca...}, goog:chromeOptions: {debuggerAddress: localhost:49202}, javascriptEnabled: true, networkConnectionEnabled: false, pageLoadStrategy: normal, platform: WINDOWS, platformName: WINDOWS, proxy: Proxy(), setWindowRect: true, strictFileInteractability: false, timeouts: {implicit: 0, pageLoad: 300000, script: 30000}, unhandledPromptBehavior: dismiss and notify, webauthn:virtualAuthenticators: true}
Session ID: e054d5aa3137679eb57358fb5a5976d0
*** Element info: {Using=xpath, value=//button[contains(text(),'Show full description')]}
	at java.base/jdk.internal.reflect.NativeConstructorAccessorImpl.newInstance0(Native Method)
	at java.base/jdk.internal.reflect.NativeConstructorAccessorImpl.newInstance(NativeConstructorAccessorImpl.java:62)
	at java.base/jdk.internal.reflect.DelegatingConstructorAccessorImpl.newInstance(DelegatingConstructorAccessorImpl.java:45)
	at java.base/java.lang.reflect.Constructor.newInstanceWithCaller(Constructor.java:500)
	at java.base/java.lang.reflect.Constructor.newInstance(Constructor.java:481)
	at org.openqa.selenium.remote.http.W3CHttpResponseCodec.createException(W3CHttpResponseCodec.java:187)
	at org.openqa.selenium.remote.http.W3CHttpResponseCodec.decode(W3CHttpResponseCodec.java:122)
	at org.openqa.selenium.remote.http.W3CHttpResponseCodec.decode(W3CHttpResponseCodec.java:49)
	at org.openqa.selenium.remote.HttpCommandExecutor.execute(HttpCommandExecutor.java:158)
	at org.openqa.selenium.remote.service.DriverCommandExecutor.execute(DriverCommandExecutor.java:83)
	at org.openqa.selenium.remote.RemoteWebDriver.execute(RemoteWebDriver.java:552)
	at org.openqa.selenium.remote.RemoteWebDriver.findElement(RemoteWebDriver.java:323)
	at org.openqa.selenium.remote.RemoteWebDriver.findElementByXPath(RemoteWebDriver.java:428)
	at org.openqa.selenium.By$ByXPath.findElement(By.java:353)
	at org.openqa.selenium.remote.RemoteWebDriver.findElement(RemoteWebDriver.java:315)
	at org.openqa.selenium.support.ui.ExpectedConditions$7.apply(ExpectedConditions.java:205)
	at org.openqa.selenium.support.ui.ExpectedConditions$7.apply(ExpectedConditions.java:201)
	at org.openqa.selenium.support.ui.FluentWait.until(FluentWait.java:249)
	... 31 more
]]>
            </full-stacktrace>
          </exception> <!-- org.openqa.selenium.TimeoutException -->
          <reporter-output>
            <line>
              <![CDATA[2020-11-24 14:38:26,431 INFO  shopify.createStoreAndInstallSwift - Step 01:   
]]>
            </line>
            <line>
              <![CDATA[2020-11-24 14:38:26,434 INFO  shopify.createStoreAndInstallSwift - Step 01: Pre-condition: Access App Store Shopify
]]>
            </line>
            <line>
              <![CDATA[2020-11-24 14:38:29,346 INFO  shopify.createStoreAndInstallSwift - Step 02: Search keyword swift
]]>
            </line>
            <line>
              <![CDATA[2020-11-24 14:38:34,531 INFO  shopify.createStoreAndInstallSwift - Step 03: Print store info
]]>
            </line>
            <line>
              <![CDATA[2020-11-24 14:38:34,531 INFO  shopify.createStoreAndInstallSwift - Step 04: Write data to the csv20201124_143346_Swift.csv
]]>
            </line>
            <line>
              <![CDATA[2020-11-24 14:38:38,802 INFO  shopify.createStoreAndInstallSwift - Step 05: Click choose app Swift
]]>
            </line>
          </reporter-output>
        </test-method> <!-- TC01_CreateShopifyStore -->
        <test-method signature="TC01_CreateShopifyStore()[pri:0, instance:shopify.createStoreAndInstallSwift@313ac989]" started-at="2020-11-24T14:39:35Z" name="TC01_CreateShopifyStore" finished-at="2020-11-24T14:41:09Z" duration-ms="94234" status="PASS">
          <reporter-output>
            <line>
              <![CDATA[2020-11-24 14:39:35,014 INFO  shopify.createStoreAndInstallSwift - Step 01:   
]]>
            </line>
            <line>
              <![CDATA[2020-11-24 14:39:35,014 INFO  shopify.createStoreAndInstallSwift - Step 01: Pre-condition: Access App Store Shopify
]]>
            </line>
            <line>
              <![CDATA[2020-11-24 14:39:36,561 INFO  shopify.createStoreAndInstallSwift - Step 02: Search keyword swift
]]>
            </line>
            <line>
              <![CDATA[2020-11-24 14:39:41,741 INFO  shopify.createStoreAndInstallSwift - Step 03: Print store info
]]>
            </line>
            <line>
              <![CDATA[2020-11-24 14:39:41,742 INFO  shopify.createStoreAndInstallSwift - Step 04: Write data to the csv20201124_143346_Swift.csv
]]>
            </line>
            <line>
              <![CDATA[2020-11-24 14:39:46,303 INFO  shopify.createStoreAndInstallSwift - Step 05: Click choose app Swift
]]>
            </line>
          </reporter-output>
        </test-method> <!-- TC01_CreateShopifyStore -->
        <test-method is-config="true" signature="quitBrowser()[pri:0, instance:shopify.createStoreAndInstallSwift@313ac989]" started-at="2020-11-24T14:41:09Z" name="quitBrowser" finished-at="2020-11-24T14:41:10Z" duration-ms="762" status="PASS">
          <reporter-output>
            <line>
              <![CDATA[2020-11-24 14:41:09,247 INFO  shopify.createStoreAndInstallSwift - OS Name = windows 10
]]>
            </line>
            <line>
              <![CDATA[2020-11-24 14:41:10,009 INFO  shopify.createStoreAndInstallSwift - ----------------QUIT BROWSER SUCCESS-----------------
]]>
            </line>
          </reporter-output>
        </test-method> <!-- quitBrowser -->
      </class> <!-- shopify.createStoreAndInstallSwift -->
    </test> <!-- Surefire test -->
  </suite> <!-- Surefire suite -->
</testng-results>
